2019-09-16 23:42:56 PM [Thread: main][ Class:cn.prism.face.Main >> Method: cn.prism.face.Main.main(Main.java:27) ]
INFO:算法库加载成功
2019-09-16 23:43:05 PM [Thread: main][ Class:cn.prism.face.Main >> Method: cn.prism.face.Main.main(Main.java:64) ]
INFO:---------------------------------------
2019-09-16 23:43:05 PM [Thread: main][ Class:cn.prism.face.Main >> Method: cn.prism.face.Main.main(Main.java:70) ]
INFO:host:127.0.1.1
2019-09-16 23:43:05 PM [Thread: main][ Class:cn.prism.face.Main >> Method: cn.prism.face.Main.main(Main.java:71) ]
INFO:port:9999
2019-09-16 23:43:05 PM [Thread: main][ Class:cn.prism.face.Main >> Method: cn.prism.face.Main.main(Main.java:73) ]
INFO:服务已启动....
2019-09-16 23:43:05 PM [Thread: main][ Class:cn.prism.face.Main >> Method: cn.prism.face.Main.main(Main.java:74) ]
INFO:---------------------------------------
2019-09-16 23:43:05 PM [Thread: main][ Class:cn.prism.face.Main >> Method: cn.prism.face.Main.main(Main.java:81) ]
INFO:等待数据........
2019-09-16 23:43:19 PM [Thread: main][ Class:cn.prism.face.Main >> Method: cn.prism.face.Main.main(Main.java:87) ]
INFO:接收数据---------------------------------
2019-09-16 23:43:19 PM [Thread: main][ Class:cn.prism.face.Main >> Method: cn.prism.face.Main.main(Main.java:88) ]
INFO:host:127.0.0.1
2019-09-16 23:43:19 PM [Thread: main][ Class:cn.prism.face.Main >> Method: cn.prism.face.Main.main(Main.java:89) ]
INFO:port:6665
2019-09-16 23:43:19 PM [Thread: main][ Class:cn.prism.face.Main >> Method: cn.prism.face.Main.main(Main.java:91) ]
INFO:data:pic#/prism/temp/hello_15622876233282_15686485976941.jpg
2019-09-16 23:43:19 PM [Thread: main][ Class:cn.prism.face.Main >> Method: cn.prism.face.Main.main(Main.java:92) ]
INFO:---------------------------------------
2019-09-16 23:43:19 PM [Thread: main][ Class:cn.prism.face.Main >> Method: cn.prism.face.Main.main(Main.java:97) ]
INFO:执行实例:class cn.prism.face.service.impl.PicCommand
2019-09-16 23:43:19 PM [Thread: main][ Class:cn.prism.face.Main >> Method: cn.prism.face.Main.main(Main.java:101) ]
INFO:本次操作耗时:278毫秒
2019-09-16 23:43:19 PM [Thread: main][ Class:cn.prism.face.Main >> Method: cn.prism.face.Main.main(Main.java:109) ]
INFO:sended:true
2019-09-16 23:43:19 PM [Thread: main][ Class:cn.prism.face.Main >> Method: cn.prism.face.Main.main(Main.java:110) ]
INFO:---------------------------------------
2019-09-16 23:43:19 PM [Thread: main][ Class:cn.prism.face.Main >> Method: cn.prism.face.Main.main(Main.java:81) ]
INFO:等待数据........
2019-09-16 23:43:19 PM [Thread: main][ Class:cn.prism.face.Main >> Method: cn.prism.face.Main.main(Main.java:87) ]
INFO:接收数据---------------------------------
2019-09-16 23:43:19 PM [Thread: main][ Class:cn.prism.face.Main >> Method: cn.prism.face.Main.main(Main.java:88) ]
INFO:host:127.0.0.1
2019-09-16 23:43:19 PM [Thread: main][ Class:cn.prism.face.Main >> Method: cn.prism.face.Main.main(Main.java:89) ]
INFO:port:6665
2019-09-16 23:43:19 PM [Thread: main][ Class:cn.prism.face.Main >> Method: cn.prism.face.Main.main(Main.java:91) ]
INFO:data:feature#/prism/temp/hello_15622876233282_15686485976941.jpg
2019-09-16 23:43:19 PM [Thread: main][ Class:cn.prism.face.Main >> Method: cn.prism.face.Main.main(Main.java:92) ]
INFO:---------------------------------------
2019-09-16 23:43:19 PM [Thread: main][ Class:cn.prism.face.Main >> Method: cn.prism.face.Main.main(Main.java:97) ]
INFO:执行实例:class cn.prism.face.service.impl.FeatureCommand
2019-09-16 23:43:19 PM [Thread: main][ Class:cn.prism.face.Main >> Method: cn.prism.face.Main.main(Main.java:101) ]
INFO:本次操作耗时:105毫秒
2019-09-16 23:43:19 PM [Thread: main][ Class:cn.prism.face.Main >> Method: cn.prism.face.Main.main(Main.java:109) ]
INFO:sended:-0.042370,-0.255896,2.061335,1.644067,-1.096032,-0.533956,-0.834853,3.027175,-0.966595,-1.929505,-1.344167,0.940849,1.020244,-0.967474,1.243442,-0.048428,0.459699,-0.636539,0.541128,-0.919302,0.966618,-2.918350,-0.006378,0.769816,-1.279938,-0.165133,-1.612130,-1.268794,-2.040931,-2.083080,-1.382305,1.160519,-0.698665,-1.256762,3.332298,0.093231,1.517408,1.649005,1.014094,0.875986,-0.340951,-2.385124,-0.194726,0.093903,0.721067,-1.707651,0.797983,1.190416,-1.030144,2.235969,0.660616,1.617267,-1.473913,0.710369,0.089933,0.429767,-1.162301,-1.652685,1.266867,1.970976,0.349315,-0.534109,2.201914,1.978173,1.437431,1.525509,-1.957441,0.002631,1.686714,2.305033,-0.345959,0.587768,-0.291877,-0.524818,1.117430,1.341589,2.398493,-0.747036,-0.684359,1.792696,2.126112,1.080833,1.670714,0.993039,1.996445,-0.130541,1.862720,-3.440010,-1.715807,-1.184336,2.073176,0.634403,-3.574380,-2.599157,2.261984,-0.044277,2.576961,-0.716985,1.687482,-0.878069,0.998506,1.221783,1.797550,0.685898,-0.347031,1.140678,0.132660,0.902462,-0.526232,-2.087008,-1.710958,-2.122975,0.926997,3.398124,-2.973393,0.106081,-0.477332,0.847149,-0.672496,2.414304,-1.469419,0.981358,1.571413,-2.707516,-0.577548,0.514770,-0.316325,-3.638738,2.270670,1.369279,-4.100142,-1.212130,-1.015029,0.491611,2.521735,0.387319,-0.688076,1.699593,1.047732,1.476403,-0.164834,1.747417,-0.347502,-0.454848,1.551359,5.039812,-0.050181,2.909961,-1.760919,-0.900624,3.637172,0.691577,2.490027,0.172474,1.764619,0.585035,0.265926,0.494889,-1.934849,-0.841018,-0.554345,1.224366,-1.177210,0.572091,0.223867,1.426662,0.890468,2.118924,1.554566,0.276530,4.114868,-0.516007,1.189148,-1.394492,-0.140379,-1.599436,1.416009,-2.330566,-1.046766,0.089391,1.417563,-2.644169,2.338863,1.722207,0.347588,-0.031677,0.344120,-1.416292,2.152120,0.495714,-1.156836,0.053924,-1.775818,1.780116,-1.766198,1.016795,-0.165214,-1.023157,-0.597993,1.866396,-0.052987,-0.240777,1.904340,-1.583946,1.396682,-1.861428,1.130962,-1.219202,1.285487,-0.516405,0.228326,-0.002322,-0.858515,-1.804497,-0.673152,-1.994267,-0.037551,0.503904,3.702223,2.892458,0.537920,-3.883538,-0.294015,1.202280,-0.231274,3.654487,0.691179,1.954076,1.975546,-1.401932,-2.880760,2.300819,-0.679003,0.024938,0.385903,0.466504,3.386817,3.261422,-1.341186,3.305031,-2.375550,-2.670857,3.269616,-1.451265,-0.470035,2.398134,-1.012904,-0.708104,0.942149,-0.349024,-1.302713,1.586025,1.173883,-0.892029,1.901182,1.321858,0.301419,0.803640,1.140106,-1.518368,-1.941347,-0.858329,0.001733,2.389123,-0.486988,1.628264,0.277023,0.732103,0.711809,-0.421760,-0.227413,0.363425,1.289264,0.192746,-1.323884,-0.676384,0.054094,2.527137,-2.242189,-0.559853,1.617575,-1.265983,-1.350477,-0.126921,1.322815,-0.416401,1.316815,-0.326461,-0.878421,1.227386,-0.496570,0.308828,1.088064,-0.571077,0.391454,3.439544,0.663805,0.976008,0.755440,1.724256,-0.379482,-1.341245,4.539296,-1.246595,1.138672,-1.675283,4.886683,0.362847,0.374493,-1.575492,3.127091,-0.025967,-0.343950,-0.350334,0.424349,-3.086338,0.380322,-0.936380,-0.592598,2.270598,-0.832275,-0.126569,0.164435,-2.124026,-3.645022,0.213922,-2.470983,0.454107,0.214066,2.437390,1.818294,4.917627,0.415539,-1.227591,1.465893,0.922649,-1.247001,2.826662,-1.804809,1.504362,1.115875,-3.695537,-1.911438,-2.921417,-1.643418,4.433170,-0.859269,1.528601,0.437061,0.533421,3.576769,-1.612539,1.196864,-0.139082,-3.267174,0.604001,-0.351170,-2.455537,-0.813434,-0.491456,0.116113,-1.286977,0.594816,-0.052734,-1.109448,-0.119616,-1.742406,-2.092634,2.655671,-1.029054,-1.239143,0.596884,0.048789,2.044570,-2.792304,-2.497501,0.345717,-1.066615,0.078510,0.760814,1.556741,-2.159361,-0.065635,-0.489772,1.050300,-2.008564,1.336814,-0.550788,0.271006,-0.553802,2.365439,-2.735803,1.650644,1.295113,-1.220480,2.788083,-0.429894,-0.954933,-1.910341,-2.172405,0.035029,0.971608,-1.088173,-0.077498,1.222666,-4.357887,-0.625905,-0.678927,0.991947,-4.318130,0.081425,-0.306099,-1.196284,0.035455,-0.145237,0.397826,-0.212102,-2.157591,-2.802665,-1.294901,0.141167,-1.966383,-1.534396,-0.781443,1.241962,0.424801,-0.622225,-2.087545,-1.203671,0.646347,0.452701,-0.188290,1.113620,2.049796,0.018201,-0.950155,2.278955,-0.123275,-1.630817,-0.583137,1.641055,-2.650398,0.747561,0.641519,-1.341526,2.221814,-3.111333,3.128461,-0.863654,0.136964,-0.696033,0.571901,-0.021595,-0.039463,-2.173034,1.847939,-0.499917,-1.249184,0.679533,2.612427,-0.084658,-1.930996,0.925057,-0.682972,-3.112845,-0.633234,-2.173269,-1.064547,-4.584887,1.533396,-1.445770,0.906031,-0.363142,-0.365572,2.566427,-3.263344,1.658517,-0.437881,-0.195499,-1.117014,1.100002,0.646101,-0.103181,0.789224,-0.878351,1.943247,-1.850760,0.963910,-0.583385,1.347906,2.922711,-1.505299,-2.065343,-0.641238,0.898597,0.114608,-1.488113,2.627923,-1.983903,-1.856967,0.860041,-1.758287,2.021041,1.334982,-0.962530,0.968317,-0.771243,-0.260492,-0.261757,1.838779,-1.805103,0.168735,1.575033,-2.050672,-1.872191,0.823329,-0.321347,-0.457167,-1.575547,1.202797,0.426800,-0.615454,-0.054297,0.263311,0.696262,-0.750872,0.729571,0.310469,0.468137,1.267805,-0.099399,1.204496,-0.014700,-1.168210,-0.508953,-1.123526,-0.591066,0.366863,0.466285,-1.737247,-0.535757,0.160501,-2.009040,-0.604655,-1.132757,-1.046595,1.068600,-0.593810,1.175483,1.103714,-1.863324,-0.414874,-0.737384,0.881383,-0.496004,-1.125059,-0.475668,-0.890195,0.050772,1.855246,0.183592,0.253473,-0.115862,1.076452,-0.228690,-0.310236,0.821972,0.744516,0.427611,-0.731418,0.063743,-0.508427,-0.912738,2.095864,0.711884,0.419608,0.052020,-0.643928,0.112384,-0.801114,0.535174,0.733979,0.347334,-1.110933,-2.634772,0.441822,-0.929329,0.261798,-1.046541,-0.012536,0.119597,-0.866874,-0.636392,0.432980,0.487789,-0.890532,-0.271788,0.182602,-0.341219,0.341914,-1.055661,0.864542,-0.709908,0.012350,-0.073316,-0.752225,1.260135,0.083348,1.193047,0.867886,0.795923,-1.145517,-0.602839,1.003028,0.449497,0.331151,0.686547,-0.242410,1.085180,-0.326298,0.790754,-0.340900,0.168598,-0.922411,0.138285,0.487495,-0.687599,-0.182230,-1.095536,-0.823558,-1.300795,-0.361140,-0.791910,-1.153262,0.942763,-0.178122,-1.130614,1.980926,0.154964,-2.105694,-0.336893,0.152485,-0.455388,-0.143286,-0.201782,0.058597,0.729610,-0.600542,-1.933249,1.397678,-1.485301,1.963173,-1.038160,0.135561,-0.953297,0.705096,1.318879,-0.473556,0.212534,-0.397599,-1.022498,1.050084,0.221431,0.258311,2.574374,0.840489,-0.297151,-1.655298,-1.105263,0.869343,-0.602926,-0.630047,1.205057,0.683403,0.059098,0.024384,0.253277,-0.154002,-0.419330,1.494768,0.127837,0.273735,0.434947,-0.197590,0.162527,-0.263962,-1.911822,-0.517973,1.475192,-1.044331,-1.883132,1.403663,1.315501,-0.463403,0.088866,-0.719157,0.624578,-0.001891,0.030404,-0.797228,0.452083,0.919977,-1.069574,-1.500293,0.424776,-0.801248,-0.130369,0.691693,1.224523,-0.324106,-0.371292,-0.037381,0.584214,0.309780,0.363114,-0.289404,-0.106198,0.181656,0.886031,0.253002,-0.286025,0.494222,-0.514651,0.620460,1.647584,-1.097325,0.157518,0.832462,0.710239,0.649233,-0.704216,-0.062799,-0.410972,-0.364010,0.458163,1.090452,1.307487,-0.746851,-0.649225,0.441932,0.444407,-0.731775,-0.987815,-0.777255,-1.363362,-1.502603,-0.415104,-0.048733,-0.021675,0.856247,0.287943,-0.126813,-2.822742,0.686423,0.757653,1.093030,0.843070,0.019221,1.104726,-0.689609,0.140556,1.868399,-1.432735,0.613430,-0.025952,-0.577394,-0.556758,1.235753,-1.301997,0.803379,0.118911,-0.261990,-0.178889,0.061658,0.642315,0.203687,0.229909,-1.019292,0.628659,0.429456,-0.719986,0.955295,-0.123210,-0.592176,0.692427,-0.631124,-0.678978,-0.708691,0.274399,-0.449574,-2.186019,-0.273399,-1.428261,0.480620,0.262648,-0.988501,-0.282438,0.478755,0.043246,-1.517039,-0.542820,0.812180,-0.468279,0.816147,1.188559,0.207476,-0.409477,0.026523,-1.886162,-0.316845,-0.825419,-0.762269,-0.839799,0.568799,-0.057898,1.460727,-0.562730,0.257239,0.289784,0.651798,-1.114699,0.886206,-0.291234,0.406422,-0.256111,0.909344,0.101836,-0.216949,0.737576,-0.192014,1.367796,0.600293,1.407634,1.102096,0.040722,0.302920,1.355799,0.714136,-1.093300,0.112196,1.268895,0.239547,-0.588602,-0.484400,1.355549,-0.892289,-0.805364,-0.274936,0.203715,2.193219,1.034895,0.898890,-0.206286,0.640925,0.342017,-1.604495,-0.933497,0.484629,-1.631911,0.117771,1.420315,0.456343,-0.972513,1.047745,0.515739,0.244317,1.287552,0.393269,0.081233,-0.915066,0.453289,-1.030626,0.573028,-0.068105,-0.471714,0.013349,-1.329346,-1.430196,0.034792,-0.513921,-0.318258,-0.591979,1.317269,0.996556,0.002260,-0.775733,-0.290781,-0.579169,0.454116,-1.873655,-0.485859,-0.853676,0.949363,-0.084604,-1.416456,0.156732,-0.214063,-1.073947,1.016474,0.030966,1.858939,1.927405,1.027926,-0.149119,-1.010134,-0.379257,0.636863,0.129823,2.187646,-0.883189,0.159639,-1.170328,-0.057805,-1.358593,-0.111851,-0.757462,-0.599792,0.749578,-0.528735,-0.190627,-0.322700,0.447715,-0.673927,-0.179439,-0.544995,-0.652386,-0.528332,-0.711520,-0.235732,1.867331,-0.043693,-0.662160,0.290431,-0.051017,0.148244,0.722318,1.094041,-0.560054,0.933337,-0.172250,-0.861416,-0.839306,1.396278,-0.727776,1.294881,0.414311,0.075605,-0.150180,-0.379602,0.104646,-2.265661,0.114526,0.846603,-0.756343,-0.814388,0.256000,-0.327371,-0.825147,-0.954010,0.872440,-1.089300,-1.228943,0.507651,0.681687,-0.779802,-0.574064,-1.036569,0.289959,-1.211519,-0.936207,0.496831,-0.117885,-0.617231,-0.021415,-0.792181,-1.175165,-0.658003,-0.150041,-1.811007,0.556589,0.441758,-0.740950,-1.823820,0.265620,0.937159,0.102910,0.190746,0.173119,-0.602968,-0.803542,-0.506865,-0.275266,-0.173430,-0.809195,-0.208347,1.494245,-0.234425,1.468757,-0.462201,-0.396743,-1.137757,-0.725076,1.183049,1.136293,0.413400,-1.677665,-1.093581,1.787548,0.742990,1.187093,-0.060982,-0.523926,0.497068,-0.731331,0.666702,0.074459,0.013930,-0.588661,0.150448,0.407136,-1.366634,0.558080,-1.610741,0.116197
2019-09-16 23:43:19 PM [Thread: main][ Class:cn.prism.face.Main >> Method: cn.prism.face.Main.main(Main.java:110) ]
INFO:---------------------------------------
2019-09-16 23:43:19 PM [Thread: main][ Class:cn.prism.face.Main >> Method: cn.prism.face.Main.main(Main.java:81) ]
INFO:等待数据........
2019-09-16 23:43:20 PM [Thread: main][ Class:cn.prism.face.Main >> Method: cn.prism.face.Main.main(Main.java:87) ]
INFO:接收数据---------------------------------
2019-09-16 23:43:20 PM [Thread: main][ Class:cn.prism.face.Main >> Method: cn.prism.face.Main.main(Main.java:88) ]
INFO:host:127.0.0.1
2019-09-16 23:43:20 PM [Thread: main][ Class:cn.prism.face.Main >> Method: cn.prism.face.Main.main(Main.java:89) ]
INFO:port:6665
2019-09-16 23:43:20 PM [Thread: main][ Class:cn.prism.face.Main >> Method: cn.prism.face.Main.main(Main.java:91) ]
INFO:data:mean#https://www.prismnetwork.cn/znuplod/static/uplod/hello_15622876233282_15686485976941_15686486002324.jpg
2019-09-16 23:43:20 PM [Thread: main][ Class:cn.prism.face.Main >> Method: cn.prism.face.Main.main(Main.java:92) ]
INFO:---------------------------------------
2019-09-16 23:43:20 PM [Thread: main][ Class:cn.prism.face.Main >> Method: cn.prism.face.Main.main(Main.java:97) ]
INFO:执行实例:class cn.prism.face.service.impl.MeanCommand
2019-09-16 23:43:21 PM [Thread: main][ Class:cn.prism.face.Main >> Method: cn.prism.face.Main.main(Main.java:101) ]
INFO:本次操作耗时:863毫秒
2019-09-16 23:43:21 PM [Thread: main][ Class:cn.prism.face.Main >> Method: cn.prism.face.Main.main(Main.java:109) ]
INFO:sended:-0.042370,-0.255896,2.061335,1.644067,-1.096032,-0.533956,-0.834853,3.027175,-0.966595,-1.929505,-1.344167,0.940849,1.020244,-0.967474,1.243442,-0.048428,0.459699,-0.636539,0.541128,-0.919302,0.966618,-2.918350,-0.006378,0.769816,-1.279938,-0.165133,-1.612130,-1.268794,-2.040931,-2.083080,-1.382305,1.160519,-0.698665,-1.256762,3.332298,0.093231,1.517408,1.649005,1.014094,0.875986,-0.340951,-2.385124,-0.194726,0.093903,0.721067,-1.707651,0.797983,1.190416,-1.030144,2.235969,0.660616,1.617267,-1.473913,0.710369,0.089933,0.429767,-1.162301,-1.652685,1.266867,1.970976,0.349315,-0.534109,2.201914,1.978173,1.437431,1.525509,-1.957441,0.002631,1.686714,2.305033,-0.345959,0.587768,-0.291877,-0.524818,1.117430,1.341589,2.398493,-0.747036,-0.684359,1.792696,2.126112,1.080833,1.670714,0.993039,1.996445,-0.130541,1.862720,-3.440010,-1.715807,-1.184336,2.073176,0.634403,-3.574380,-2.599157,2.261984,-0.044277,2.576961,-0.716985,1.687482,-0.878069,0.998506,1.221783,1.797550,0.685898,-0.347031,1.140678,0.132660,0.902462,-0.526232,-2.087008,-1.710958,-2.122975,0.926997,3.398124,-2.973393,0.106081,-0.477332,0.847149,-0.672496,2.414304,-1.469419,0.981358,1.571413,-2.707516,-0.577548,0.514770,-0.316325,-3.638738,2.270670,1.369279,-4.100142,-1.212130,-1.015029,0.491611,2.521735,0.387319,-0.688076,1.699593,1.047732,1.476403,-0.164834,1.747417,-0.347502,-0.454848,1.551359,5.039812,-0.050181,2.909961,-1.760919,-0.900624,3.637172,0.691577,2.490027,0.172474,1.764619,0.585035,0.265926,0.494889,-1.934849,-0.841018,-0.554345,1.224366,-1.177210,0.572091,0.223867,1.426662,0.890468,2.118924,1.554566,0.276530,4.114868,-0.516007,1.189148,-1.394492,-0.140379,-1.599436,1.416009,-2.330566,-1.046766,0.089391,1.417563,-2.644169,2.338863,1.722207,0.347588,-0.031677,0.344120,-1.416292,2.152120,0.495714,-1.156836,0.053924,-1.775818,1.780116,-1.766198,1.016795,-0.165214,-1.023157,-0.597993,1.866396,-0.052987,-0.240777,1.904340,-1.583946,1.396682,-1.861428,1.130962,-1.219202,1.285487,-0.516405,0.228326,-0.002322,-0.858515,-1.804497,-0.673152,-1.994267,-0.037551,0.503904,3.702223,2.892458,0.537920,-3.883538,-0.294015,1.202280,-0.231274,3.654487,0.691179,1.954076,1.975546,-1.401932,-2.880760,2.300819,-0.679003,0.024938,0.385903,0.466504,3.386817,3.261422,-1.341186,3.305031,-2.375550,-2.670857,3.269616,-1.451265,-0.470035,2.398134,-1.012904,-0.708104,0.942149,-0.349024,-1.302713,1.586025,1.173883,-0.892029,1.901182,1.321858,0.301419,0.803640,1.140106,-1.518368,-1.941347,-0.858329,0.001733,2.389123,-0.486988,1.628264,0.277023,0.732103,0.711809,-0.421760,-0.227413,0.363425,1.289264,0.192746,-1.323884,-0.676384,0.054094,2.527137,-2.242189,-0.559853,1.617575,-1.265983,-1.350477,-0.126921,1.322815,-0.416401,1.316815,-0.326461,-0.878421,1.227386,-0.496570,0.308828,1.088064,-0.571077,0.391454,3.439544,0.663805,0.976008,0.755440,1.724256,-0.379482,-1.341245,4.539296,-1.246595,1.138672,-1.675283,4.886683,0.362847,0.374493,-1.575492,3.127091,-0.025967,-0.343950,-0.350334,0.424349,-3.086338,0.380322,-0.936380,-0.592598,2.270598,-0.832275,-0.126569,0.164435,-2.124026,-3.645022,0.213922,-2.470983,0.454107,0.214066,2.437390,1.818294,4.917627,0.415539,-1.227591,1.465893,0.922649,-1.247001,2.826662,-1.804809,1.504362,1.115875,-3.695537,-1.911438,-2.921417,-1.643418,4.433170,-0.859269,1.528601,0.437061,0.533421,3.576769,-1.612539,1.196864,-0.139082,-3.267174,0.604001,-0.351170,-2.455537,-0.813434,-0.491456,0.116113,-1.286977,0.594816,-0.052734,-1.109448,-0.119616,-1.742406,-2.092634,2.655671,-1.029054,-1.239143,0.596884,0.048789,2.044570,-2.792304,-2.497501,0.345717,-1.066615,0.078510,0.760814,1.556741,-2.159361,-0.065635,-0.489772,1.050300,-2.008564,1.336814,-0.550788,0.271006,-0.553802,2.365439,-2.735803,1.650644,1.295113,-1.220480,2.788083,-0.429894,-0.954933,-1.910341,-2.172405,0.035029,0.971608,-1.088173,-0.077498,1.222666,-4.357887,-0.625905,-0.678927,0.991947,-4.318130,0.081425,-0.306099,-1.196284,0.035455,-0.145237,0.397826,-0.212102,-2.157591,-2.802665,-1.294901,0.141167,-1.966383,-1.534396,-0.781443,1.241962,0.424801,-0.622225,-2.087545,-1.203671,0.646347,0.452701,-0.188290,1.113620,2.049796,0.018201,-0.950155,2.278955,-0.123275,-1.630817,-0.583137,1.641055,-2.650398,0.747561,0.641519,-1.341526,2.221814,-3.111333,3.128461,-0.863654,0.136964,-0.696033,0.571901,-0.021595,-0.039463,-2.173034,1.847939,-0.499917,-1.249184,0.679533,2.612427,-0.084658,-1.930996,0.925057,-0.682972,-3.112845,-0.633234,-2.173269,-1.064547,-4.584887,1.533396,-1.445770,0.906031,-0.363142,-0.365572,2.566427,-3.263344,1.658517,-0.437881,-0.195499,-1.117014,1.100002,0.646101,-0.103181,0.789224,-0.878351,1.943247,-1.850760,0.963910,-0.583385,1.347906,2.922711,-1.505299,-2.065343,-0.641238,0.898597,0.114608,-1.488113,2.627923,-1.983903,-1.856967,0.860041,-1.758287,2.021041,1.334982,-0.962530,0.968317,-0.771243,-0.260492,-0.261757,1.838779,-1.805103,0.168735,1.575033,-2.050672,-1.872191,0.823329,-0.321347,-0.457167,-1.575547,1.202797,0.426800,-0.615454,-0.054297,0.263311,0.696262,-0.750872,0.729571,0.310469,0.468137,1.267805,-0.099399,1.204496,-0.014700,-1.168210,-0.508953,-1.123526,-0.591066,0.366863,0.466285,-1.737247,-0.535757,0.160501,-2.009040,-0.604655,-1.132757,-1.046595,1.068600,-0.593810,1.175483,1.103714,-1.863324,-0.414874,-0.737384,0.881383,-0.496004,-1.125059,-0.475668,-0.890195,0.050772,1.855246,0.183592,0.253473,-0.115862,1.076452,-0.228690,-0.310236,0.821972,0.744516,0.427611,-0.731418,0.063743,-0.508427,-0.912738,2.095864,0.711884,0.419608,0.052020,-0.643928,0.112384,-0.801114,0.535174,0.733979,0.347334,-1.110933,-2.634772,0.441822,-0.929329,0.261798,-1.046541,-0.012536,0.119597,-0.866874,-0.636392,0.432980,0.487789,-0.890532,-0.271788,0.182602,-0.341219,0.341914,-1.055661,0.864542,-0.709908,0.012350,-0.073316,-0.752225,1.260135,0.083348,1.193047,0.867886,0.795923,-1.145517,-0.602839,1.003028,0.449497,0.331151,0.686547,-0.242410,1.085180,-0.326298,0.790754,-0.340900,0.168598,-0.922411,0.138285,0.487495,-0.687599,-0.182230,-1.095536,-0.823558,-1.300795,-0.361140,-0.791910,-1.153262,0.942763,-0.178122,-1.130614,1.980926,0.154964,-2.105694,-0.336893,0.152485,-0.455388,-0.143286,-0.201782,0.058597,0.729610,-0.600542,-1.933249,1.397678,-1.485301,1.963173,-1.038160,0.135561,-0.953297,0.705096,1.318879,-0.473556,0.212534,-0.397599,-1.022498,1.050084,0.221431,0.258311,2.574374,0.840489,-0.297151,-1.655298,-1.105263,0.869343,-0.602926,-0.630047,1.205057,0.683403,0.059098,0.024384,0.253277,-0.154002,-0.419330,1.494768,0.127837,0.273735,0.434947,-0.197590,0.162527,-0.263962,-1.911822,-0.517973,1.475192,-1.044331,-1.883132,1.403663,1.315501,-0.463403,0.088866,-0.719157,0.624578,-0.001891,0.030404,-0.797228,0.452083,0.919977,-1.069574,-1.500293,0.424776,-0.801248,-0.130369,0.691693,1.224523,-0.324106,-0.371292,-0.037381,0.584214,0.309780,0.363114,-0.289404,-0.106198,0.181656,0.886031,0.253002,-0.286025,0.494222,-0.514651,0.620460,1.647584,-1.097325,0.157518,0.832462,0.710239,0.649233,-0.704216,-0.062799,-0.410972,-0.364010,0.458163,1.090452,1.307487,-0.746851,-0.649225,0.441932,0.444407,-0.731775,-0.987815,-0.777255,-1.363362,-1.502603,-0.415104,-0.048733,-0.021675,0.856247,0.287943,-0.126813,-2.822742,0.686423,0.757653,1.093030,0.843070,0.019221,1.104726,-0.689609,0.140556,1.868399,-1.432735,0.613430,-0.025952,-0.577394,-0.556758,1.235753,-1.301997,0.803379,0.118911,-0.261990,-0.178889,0.061658,0.642315,0.203687,0.229909,-1.019292,0.628659,0.429456,-0.719986,0.955295,-0.123210,-0.592176,0.692427,-0.631124,-0.678978,-0.708691,0.274399,-0.449574,-2.186019,-0.273399,-1.428261,0.480620,0.262648,-0.988501,-0.282438,0.478755,0.043246,-1.517039,-0.542820,0.812180,-0.468279,0.816147,1.188559,0.207476,-0.409477,0.026523,-1.886162,-0.316845,-0.825419,-0.762269,-0.839799,0.568799,-0.057898,1.460727,-0.562730,0.257239,0.289784,0.651798,-1.114699,0.886206,-0.291234,0.406422,-0.256111,0.909344,0.101836,-0.216949,0.737576,-0.192014,1.367796,0.600293,1.407634,1.102096,0.040722,0.302920,1.355799,0.714136,-1.093300,0.112196,1.268895,0.239547,-0.588602,-0.484400,1.355549,-0.892289,-0.805364,-0.274936,0.203715,2.193219,1.034895,0.898890,-0.206286,0.640925,0.342017,-1.604495,-0.933497,0.484629,-1.631911,0.117771,1.420315,0.456343,-0.972513,1.047745,0.515739,0.244317,1.287552,0.393269,0.081233,-0.915066,0.453289,-1.030626,0.573028,-0.068105,-0.471714,0.013349,-1.329346,-1.430196,0.034792,-0.513921,-0.318258,-0.591979,1.317269,0.996556,0.002260,-0.775733,-0.290781,-0.579169,0.454116,-1.873655,-0.485859,-0.853676,0.949363,-0.084604,-1.416456,0.156732,-0.214063,-1.073947,1.016474,0.030966,1.858939,1.927405,1.027926,-0.149119,-1.010134,-0.379257,0.636863,0.129823,2.187646,-0.883189,0.159639,-1.170328,-0.057805,-1.358593,-0.111851,-0.757462,-0.599792,0.749578,-0.528735,-0.190627,-0.322700,0.447715,-0.673927,-0.179439,-0.544995,-0.652386,-0.528332,-0.711520,-0.235732,1.867331,-0.043693,-0.662160,0.290431,-0.051017,0.148244,0.722318,1.094041,-0.560054,0.933337,-0.172250,-0.861416,-0.839306,1.396278,-0.727776,1.294881,0.414311,0.075605,-0.150180,-0.379602,0.104646,-2.265661,0.114526,0.846603,-0.756343,-0.814388,0.256000,-0.327371,-0.825147,-0.954010,0.872440,-1.089300,-1.228943,0.507651,0.681687,-0.779802,-0.574064,-1.036569,0.289959,-1.211519,-0.936207,0.496831,-0.117885,-0.617231,-0.021415,-0.792181,-1.175165,-0.658003,-0.150041,-1.811007,0.556589,0.441758,-0.740950,-1.823820,0.265620,0.937159,0.102910,0.190746,0.173119,-0.602968,-0.803542,-0.506865,-0.275266,-0.173430,-0.809195,-0.208347,1.494245,-0.234425,1.468757,-0.462201,-0.396743,-1.137757,-0.725076,1.183049,1.136293,0.413400,-1.677665,-1.093581,1.787548,0.742990,1.187093,-0.060982,-0.523926,0.497068,-0.731331,0.666702,0.074459,0.013930,-0.588661,0.150448,0.407136,-1.366634,0.558080,-1.610741,0.116197
2019-09-16 23:43:21 PM [Thread: main][ Class:cn.prism.face.Main >> Method: cn.prism.face.Main.main(Main.java:110) ]
INFO:---------------------------------------
2019-09-16 23:43:21 PM [Thread: main][ Class:cn.prism.face.Main >> Method: cn.prism.face.Main.main(Main.java:81) ]
INFO:等待数据........
2019-09-16 23:43:21 PM [Thread: main][ Class:cn.prism.face.Main >> Method: cn.prism.face.Main.main(Main.java:87) ]
INFO:接收数据---------------------------------
2019-09-16 23:43:21 PM [Thread: main][ Class:cn.prism.face.Main >> Method: cn.prism.face.Main.main(Main.java:88) ]
INFO:host:127.0.0.1
2019-09-16 23:43:21 PM [Thread: main][ Class:cn.prism.face.Main >> Method: cn.prism.face.Main.main(Main.java:89) ]
INFO:port:6665
2019-09-16 23:43:21 PM [Thread: main][ Class:cn.prism.face.Main >> Method: cn.prism.face.Main.main(Main.java:91) ]
INFO:data:readd#5d78c4b49411e93f109255b9
2019-09-16 23:43:21 PM [Thread: main][ Class:cn.prism.face.Main >> Method: cn.prism.face.Main.main(Main.java:92) ]
INFO:---------------------------------------
2019-09-16 23:43:21 PM [Thread: main][ Class:cn.prism.face.Main >> Method: cn.prism.face.Main.main(Main.java:97) ]
INFO:执行实例:class cn.prism.face.service.impl.ReaddCommand
2019-09-16 23:43:22 PM [Thread: main][ Class:cn.prism.face.Main >> Method: cn.prism.face.Main.main(Main.java:101) ]
INFO:本次操作耗时:1184毫秒
2019-09-16 23:43:22 PM [Thread: main][ Class:cn.prism.face.Main >> Method: cn.prism.face.Main.main(Main.java:109) ]
INFO:sended:true
2019-09-16 23:43:22 PM [Thread: main][ Class:cn.prism.face.Main >> Method: cn.prism.face.Main.main(Main.java:110) ]
INFO:---------------------------------------
2019-09-16 23:43:22 PM [Thread: main][ Class:cn.prism.face.Main >> Method: cn.prism.face.Main.main(Main.java:81) ]
INFO:等待数据........
2019-09-16 23:44:22 PM [Thread: main][ Class:cn.prism.face.Main >> Method: cn.prism.face.Main.main(Main.java:87) ]
INFO:接收数据---------------------------------
2019-09-16 23:44:22 PM [Thread: main][ Class:cn.prism.face.Main >> Method: cn.prism.face.Main.main(Main.java:88) ]
INFO:host:127.0.0.1
2019-09-16 23:44:22 PM [Thread: main][ Class:cn.prism.face.Main >> Method: cn.prism.face.Main.main(Main.java:89) ]
INFO:port:6665
2019-09-16 23:44:22 PM [Thread: main][ Class:cn.prism.face.Main >> Method: cn.prism.face.Main.main(Main.java:91) ]
INFO:data:
2019-09-16 23:44:22 PM [Thread: main][ Class:cn.prism.face.Main >> Method: cn.prism.face.Main.main(Main.java:92) ]
INFO:---------------------------------------
2019-09-16 23:44:22 PM [Thread: main][ Class:cn.prism.face.Main >> Method: cn.prism.face.Main.main(Main.java:81) ]
INFO:等待数据........
2019-09-16 23:44:22 PM [Thread: main][ Class:cn.prism.face.Main >> Method: cn.prism.face.Main.main(Main.java:87) ]
INFO:接收数据---------------------------------
2019-09-16 23:44:22 PM [Thread: main][ Class:cn.prism.face.Main >> Method: cn.prism.face.Main.main(Main.java:88) ]
INFO:host:127.0.0.1
2019-09-16 23:44:22 PM [Thread: main][ Class:cn.prism.face.Main >> Method: cn.prism.face.Main.main(Main.java:89) ]
INFO:port:6665
2019-09-16 23:44:22 PM [Thread: main][ Class:cn.prism.face.Main >> Method: cn.prism.face.Main.main(Main.java:91) ]
INFO:data:exit
2019-09-16 23:44:22 PM [Thread: main][ Class:cn.prism.face.Main >> Method: cn.prism.face.Main.main(Main.java:92) ]
INFO:---------------------------------------
2019-09-16 23:44:22 PM [Thread: main][ Class:cn.prism.face.Main >> Method: cn.prism.face.Main.main(Main.java:97) ]
INFO:执行实例:class cn.prism.face.service.impl.ExitCommand
2019-09-16 23:44:22 PM [Thread: main][ Class:cn.prism.face.Main >> Method: cn.prism.face.Main.main(Main.java:101) ]
INFO:本次操作耗时:0毫秒
2019-09-16 23:44:22 PM [Thread: main][ Class:cn.prism.face.Main >> Method: cn.prism.face.Main.main(Main.java:109) ]
INFO:sended:ok
2019-09-16 23:44:22 PM [Thread: main][ Class:cn.prism.face.Main >> Method: cn.prism.face.Main.main(Main.java:110) ]
INFO:---------------------------------------
2019-09-16 23:44:22 PM [Thread: main][ Class:cn.prism.face.Main >> Method: cn.prism.face.Main.main(Main.java:116) ]
INFO:服务已停止!
2019-09-16 23:46:42 PM [Thread: main][ Class:cn.prism.face.Main >> Method: cn.prism.face.Main.main(Main.java:27) ]
INFO:算法库加载成功
2019-09-16 23:46:46 PM [Thread: main][ Class:cn.prism.face.Main >> Method: cn.prism.face.Main.main(Main.java:64) ]
INFO:---------------------------------------
2019-09-16 23:46:46 PM [Thread: main][ Class:cn.prism.face.Main >> Method: cn.prism.face.Main.main(Main.java:70) ]
INFO:host:127.0.1.1
2019-09-16 23:46:46 PM [Thread: main][ Class:cn.prism.face.Main >> Method: cn.prism.face.Main.main(Main.java:71) ]
INFO:port:9999
2019-09-16 23:46:46 PM [Thread: main][ Class:cn.prism.face.Main >> Method: cn.prism.face.Main.main(Main.java:73) ]
INFO:服务已启动....
2019-09-16 23:46:46 PM [Thread: main][ Class:cn.prism.face.Main >> Method: cn.prism.face.Main.main(Main.java:74) ]
INFO:---------------------------------------
2019-09-16 23:46:46 PM [Thread: main][ Class:cn.prism.face.Main >> Method: cn.prism.face.Main.main(Main.java:81) ]
INFO:等待数据........
2019-09-16 23:46:46 PM [Thread: main][ Class:cn.prism.face.Main >> Method: cn.prism.face.Main.main(Main.java:87) ]
INFO:接收数据---------------------------------
2019-09-16 23:46:46 PM [Thread: main][ Class:cn.prism.face.Main >> Method: cn.prism.face.Main.main(Main.java:88) ]
INFO:host:127.0.0.1
2019-09-16 23:46:46 PM [Thread: main][ Class:cn.prism.face.Main >> Method: cn.prism.face.Main.main(Main.java:89) ]
INFO:port:6665
2019-09-16 23:46:46 PM [Thread: main][ Class:cn.prism.face.Main >> Method: cn.prism.face.Main.main(Main.java:91) ]
INFO:data:pic#/prism/temp/hello_15622876233282_15686488045240.jpg
2019-09-16 23:46:46 PM [Thread: main][ Class:cn.prism.face.Main >> Method: cn.prism.face.Main.main(Main.java:92) ]
INFO:---------------------------------------
2019-09-16 23:46:46 PM [Thread: main][ Class:cn.prism.face.Main >> Method: cn.prism.face.Main.main(Main.java:97) ]
INFO:执行实例:class cn.prism.face.service.impl.PicCommand
2019-09-16 23:46:46 PM [Thread: main][ Class:cn.prism.face.Main >> Method: cn.prism.face.Main.main(Main.java:101) ]
INFO:本次操作耗时:201毫秒
2019-09-16 23:46:46 PM [Thread: main][ Class:cn.prism.face.Main >> Method: cn.prism.face.Main.main(Main.java:109) ]
INFO:sended:true
2019-09-16 23:46:46 PM [Thread: main][ Class:cn.prism.face.Main >> Method: cn.prism.face.Main.main(Main.java:110) ]
INFO:---------------------------------------
2019-09-16 23:46:46 PM [Thread: main][ Class:cn.prism.face.Main >> Method: cn.prism.face.Main.main(Main.java:81) ]
INFO:等待数据........
2019-09-16 23:46:46 PM [Thread: main][ Class:cn.prism.face.Main >> Method: cn.prism.face.Main.main(Main.java:87) ]
INFO:接收数据---------------------------------
2019-09-16 23:46:46 PM [Thread: main][ Class:cn.prism.face.Main >> Method: cn.prism.face.Main.main(Main.java:88) ]
INFO:host:127.0.0.1
2019-09-16 23:46:46 PM [Thread: main][ Class:cn.prism.face.Main >> Method: cn.prism.face.Main.main(Main.java:89) ]
INFO:port:6665
2019-09-16 23:46:46 PM [Thread: main][ Class:cn.prism.face.Main >> Method: cn.prism.face.Main.main(Main.java:91) ]
INFO:data:pic#/prism/temp/hello_15622876233282_15686488045322.jpg
2019-09-16 23:46:46 PM [Thread: main][ Class:cn.prism.face.Main >> Method: cn.prism.face.Main.main(Main.java:92) ]
INFO:---------------------------------------
2019-09-16 23:46:46 PM [Thread: main][ Class:cn.prism.face.Main >> Method: cn.prism.face.Main.main(Main.java:97) ]
INFO:执行实例:class cn.prism.face.service.impl.PicCommand
2019-09-16 23:46:46 PM [Thread: main][ Class:cn.prism.face.Main >> Method: cn.prism.face.Main.main(Main.java:101) ]
INFO:本次操作耗时:49毫秒
2019-09-16 23:46:46 PM [Thread: main][ Class:cn.prism.face.Main >> Method: cn.prism.face.Main.main(Main.java:109) ]
INFO:sended:true
2019-09-16 23:46:46 PM [Thread: main][ Class:cn.prism.face.Main >> Method: cn.prism.face.Main.main(Main.java:110) ]
INFO:---------------------------------------
2019-09-16 23:46:46 PM [Thread: main][ Class:cn.prism.face.Main >> Method: cn.prism.face.Main.main(Main.java:81) ]
INFO:等待数据........
2019-09-16 23:46:46 PM [Thread: main][ Class:cn.prism.face.Main >> Method: cn.prism.face.Main.main(Main.java:87) ]
INFO:接收数据---------------------------------
2019-09-16 23:46:46 PM [Thread: main][ Class:cn.prism.face.Main >> Method: cn.prism.face.Main.main(Main.java:88) ]
INFO:host:127.0.0.1
2019-09-16 23:46:46 PM [Thread: main][ Class:cn.prism.face.Main >> Method: cn.prism.face.Main.main(Main.java:89) ]
INFO:port:6665
2019-09-16 23:46:46 PM [Thread: main][ Class:cn.prism.face.Main >> Method: cn.prism.face.Main.main(Main.java:91) ]
INFO:data:feature#/prism/temp/hello_15622876233282_15686488045240.jpg
2019-09-16 23:46:46 PM [Thread: main][ Class:cn.prism.face.Main >> Method: cn.prism.face.Main.main(Main.java:92) ]
INFO:---------------------------------------
2019-09-16 23:46:46 PM [Thread: main][ Class:cn.prism.face.Main >> Method: cn.prism.face.Main.main(Main.java:97) ]
INFO:执行实例:class cn.prism.face.service.impl.FeatureCommand
2019-09-16 23:46:46 PM [Thread: main][ Class:cn.prism.face.Main >> Method: cn.prism.face.Main.main(Main.java:101) ]
INFO:本次操作耗时:112毫秒
2019-09-16 23:46:46 PM [Thread: main][ Class:cn.prism.face.Main >> Method: cn.prism.face.Main.main(Main.java:109) ]
INFO:sended:-0.042370,-0.255896,2.061335,1.644067,-1.096032,-0.533956,-0.834853,3.027175,-0.966595,-1.929505,-1.344167,0.940849,1.020244,-0.967474,1.243442,-0.048428,0.459699,-0.636539,0.541128,-0.919302,0.966618,-2.918350,-0.006378,0.769816,-1.279938,-0.165133,-1.612130,-1.268794,-2.040931,-2.083080,-1.382305,1.160519,-0.698665,-1.256762,3.332298,0.093231,1.517408,1.649005,1.014094,0.875986,-0.340951,-2.385124,-0.194726,0.093903,0.721067,-1.707651,0.797983,1.190416,-1.030144,2.235969,0.660616,1.617267,-1.473913,0.710369,0.089933,0.429767,-1.162301,-1.652685,1.266867,1.970976,0.349315,-0.534109,2.201914,1.978173,1.437431,1.525509,-1.957441,0.002631,1.686714,2.305033,-0.345959,0.587768,-0.291877,-0.524818,1.117430,1.341589,2.398493,-0.747036,-0.684359,1.792696,2.126112,1.080833,1.670714,0.993039,1.996445,-0.130541,1.862720,-3.440010,-1.715807,-1.184336,2.073176,0.634403,-3.574380,-2.599157,2.261984,-0.044277,2.576961,-0.716985,1.687482,-0.878069,0.998506,1.221783,1.797550,0.685898,-0.347031,1.140678,0.132660,0.902462,-0.526232,-2.087008,-1.710958,-2.122975,0.926997,3.398124,-2.973393,0.106081,-0.477332,0.847149,-0.672496,2.414304,-1.469419,0.981358,1.571413,-2.707516,-0.577548,0.514770,-0.316325,-3.638738,2.270670,1.369279,-4.100142,-1.212130,-1.015029,0.491611,2.521735,0.387319,-0.688076,1.699593,1.047732,1.476403,-0.164834,1.747417,-0.347502,-0.454848,1.551359,5.039812,-0.050181,2.909961,-1.760919,-0.900624,3.637172,0.691577,2.490027,0.172474,1.764619,0.585035,0.265926,0.494889,-1.934849,-0.841018,-0.554345,1.224366,-1.177210,0.572091,0.223867,1.426662,0.890468,2.118924,1.554566,0.276530,4.114868,-0.516007,1.189148,-1.394492,-0.140379,-1.599436,1.416009,-2.330566,-1.046766,0.089391,1.417563,-2.644169,2.338863,1.722207,0.347588,-0.031677,0.344120,-1.416292,2.152120,0.495714,-1.156836,0.053924,-1.775818,1.780116,-1.766198,1.016795,-0.165214,-1.023157,-0.597993,1.866396,-0.052987,-0.240777,1.904340,-1.583946,1.396682,-1.861428,1.130962,-1.219202,1.285487,-0.516405,0.228326,-0.002322,-0.858515,-1.804497,-0.673152,-1.994267,-0.037551,0.503904,3.702223,2.892458,0.537920,-3.883538,-0.294015,1.202280,-0.231274,3.654487,0.691179,1.954076,1.975546,-1.401932,-2.880760,2.300819,-0.679003,0.024938,0.385903,0.466504,3.386817,3.261422,-1.341186,3.305031,-2.375550,-2.670857,3.269616,-1.451265,-0.470035,2.398134,-1.012904,-0.708104,0.942149,-0.349024,-1.302713,1.586025,1.173883,-0.892029,1.901182,1.321858,0.301419,0.803640,1.140106,-1.518368,-1.941347,-0.858329,0.001733,2.389123,-0.486988,1.628264,0.277023,0.732103,0.711809,-0.421760,-0.227413,0.363425,1.289264,0.192746,-1.323884,-0.676384,0.054094,2.527137,-2.242189,-0.559853,1.617575,-1.265983,-1.350477,-0.126921,1.322815,-0.416401,1.316815,-0.326461,-0.878421,1.227386,-0.496570,0.308828,1.088064,-0.571077,0.391454,3.439544,0.663805,0.976008,0.755440,1.724256,-0.379482,-1.341245,4.539296,-1.246595,1.138672,-1.675283,4.886683,0.362847,0.374493,-1.575492,3.127091,-0.025967,-0.343950,-0.350334,0.424349,-3.086338,0.380322,-0.936380,-0.592598,2.270598,-0.832275,-0.126569,0.164435,-2.124026,-3.645022,0.213922,-2.470983,0.454107,0.214066,2.437390,1.818294,4.917627,0.415539,-1.227591,1.465893,0.922649,-1.247001,2.826662,-1.804809,1.504362,1.115875,-3.695537,-1.911438,-2.921417,-1.643418,4.433170,-0.859269,1.528601,0.437061,0.533421,3.576769,-1.612539,1.196864,-0.139082,-3.267174,0.604001,-0.351170,-2.455537,-0.813434,-0.491456,0.116113,-1.286977,0.594816,-0.052734,-1.109448,-0.119616,-1.742406,-2.092634,2.655671,-1.029054,-1.239143,0.596884,0.048789,2.044570,-2.792304,-2.497501,0.345717,-1.066615,0.078510,0.760814,1.556741,-2.159361,-0.065635,-0.489772,1.050300,-2.008564,1.336814,-0.550788,0.271006,-0.553802,2.365439,-2.735803,1.650644,1.295113,-1.220480,2.788083,-0.429894,-0.954933,-1.910341,-2.172405,0.035029,0.971608,-1.088173,-0.077498,1.222666,-4.357887,-0.625905,-0.678927,0.991947,-4.318130,0.081425,-0.306099,-1.196284,0.035455,-0.145237,0.397826,-0.212102,-2.157591,-2.802665,-1.294901,0.141167,-1.966383,-1.534396,-0.781443,1.241962,0.424801,-0.622225,-2.087545,-1.203671,0.646347,0.452701,-0.188290,1.113620,2.049796,0.018201,-0.950155,2.278955,-0.123275,-1.630817,-0.583137,1.641055,-2.650398,0.747561,0.641519,-1.341526,2.221814,-3.111333,3.128461,-0.863654,0.136964,-0.696033,0.571901,-0.021595,-0.039463,-2.173034,1.847939,-0.499917,-1.249184,0.679533,2.612427,-0.084658,-1.930996,0.925057,-0.682972,-3.112845,-0.633234,-2.173269,-1.064547,-4.584887,1.533396,-1.445770,0.906031,-0.363142,-0.365572,2.566427,-3.263344,1.658517,-0.437881,-0.195499,-1.117014,1.100002,0.646101,-0.103181,0.789224,-0.878351,1.943247,-1.850760,0.963910,-0.583385,1.347906,2.922711,-1.505299,-2.065343,-0.641238,0.898597,0.114608,-1.488113,2.627923,-1.983903,-1.856967,0.860041,-1.758287,2.021041,1.334982,-0.962530,0.968317,-0.771243,-0.260492,-0.261757,1.838779,-1.805103,0.168735,1.575033,-2.050672,-1.872191,0.823329,-0.321347,-0.457167,-1.575547,1.202797,0.426800,-0.615454,-0.054297,0.263311,0.696262,-0.750872,0.729571,0.310469,0.468137,1.267805,-0.099399,1.204496,-0.014700,-1.168210,-0.508953,-1.123526,-0.591066,0.366863,0.466285,-1.737247,-0.535757,0.160501,-2.009040,-0.604655,-1.132757,-1.046595,1.068600,-0.593810,1.175483,1.103714,-1.863324,-0.414874,-0.737384,0.881383,-0.496004,-1.125059,-0.475668,-0.890195,0.050772,1.855246,0.183592,0.253473,-0.115862,1.076452,-0.228690,-0.310236,0.821972,0.744516,0.427611,-0.731418,0.063743,-0.508427,-0.912738,2.095864,0.711884,0.419608,0.052020,-0.643928,0.112384,-0.801114,0.535174,0.733979,0.347334,-1.110933,-2.634772,0.441822,-0.929329,0.261798,-1.046541,-0.012536,0.119597,-0.866874,-0.636392,0.432980,0.487789,-0.890532,-0.271788,0.182602,-0.341219,0.341914,-1.055661,0.864542,-0.709908,0.012350,-0.073316,-0.752225,1.260135,0.083348,1.193047,0.867886,0.795923,-1.145517,-0.602839,1.003028,0.449497,0.331151,0.686547,-0.242410,1.085180,-0.326298,0.790754,-0.340900,0.168598,-0.922411,0.138285,0.487495,-0.687599,-0.182230,-1.095536,-0.823558,-1.300795,-0.361140,-0.791910,-1.153262,0.942763,-0.178122,-1.130614,1.980926,0.154964,-2.105694,-0.336893,0.152485,-0.455388,-0.143286,-0.201782,0.058597,0.729610,-0.600542,-1.933249,1.397678,-1.485301,1.963173,-1.038160,0.135561,-0.953297,0.705096,1.318879,-0.473556,0.212534,-0.397599,-1.022498,1.050084,0.221431,0.258311,2.574374,0.840489,-0.297151,-1.655298,-1.105263,0.869343,-0.602926,-0.630047,1.205057,0.683403,0.059098,0.024384,0.253277,-0.154002,-0.419330,1.494768,0.127837,0.273735,0.434947,-0.197590,0.162527,-0.263962,-1.911822,-0.517973,1.475192,-1.044331,-1.883132,1.403663,1.315501,-0.463403,0.088866,-0.719157,0.624578,-0.001891,0.030404,-0.797228,0.452083,0.919977,-1.069574,-1.500293,0.424776,-0.801248,-0.130369,0.691693,1.224523,-0.324106,-0.371292,-0.037381,0.584214,0.309780,0.363114,-0.289404,-0.106198,0.181656,0.886031,0.253002,-0.286025,0.494222,-0.514651,0.620460,1.647584,-1.097325,0.157518,0.832462,0.710239,0.649233,-0.704216,-0.062799,-0.410972,-0.364010,0.458163,1.090452,1.307487,-0.746851,-0.649225,0.441932,0.444407,-0.731775,-0.987815,-0.777255,-1.363362,-1.502603,-0.415104,-0.048733,-0.021675,0.856247,0.287943,-0.126813,-2.822742,0.686423,0.757653,1.093030,0.843070,0.019221,1.104726,-0.689609,0.140556,1.868399,-1.432735,0.613430,-0.025952,-0.577394,-0.556758,1.235753,-1.301997,0.803379,0.118911,-0.261990,-0.178889,0.061658,0.642315,0.203687,0.229909,-1.019292,0.628659,0.429456,-0.719986,0.955295,-0.123210,-0.592176,0.692427,-0.631124,-0.678978,-0.708691,0.274399,-0.449574,-2.186019,-0.273399,-1.428261,0.480620,0.262648,-0.988501,-0.282438,0.478755,0.043246,-1.517039,-0.542820,0.812180,-0.468279,0.816147,1.188559,0.207476,-0.409477,0.026523,-1.886162,-0.316845,-0.825419,-0.762269,-0.839799,0.568799,-0.057898,1.460727,-0.562730,0.257239,0.289784,0.651798,-1.114699,0.886206,-0.291234,0.406422,-0.256111,0.909344,0.101836,-0.216949,0.737576,-0.192014,1.367796,0.600293,1.407634,1.102096,0.040722,0.302920,1.355799,0.714136,-1.093300,0.112196,1.268895,0.239547,-0.588602,-0.484400,1.355549,-0.892289,-0.805364,-0.274936,0.203715,2.193219,1.034895,0.898890,-0.206286,0.640925,0.342017,-1.604495,-0.933497,0.484629,-1.631911,0.117771,1.420315,0.456343,-0.972513,1.047745,0.515739,0.244317,1.287552,0.393269,0.081233,-0.915066,0.453289,-1.030626,0.573028,-0.068105,-0.471714,0.013349,-1.329346,-1.430196,0.034792,-0.513921,-0.318258,-0.591979,1.317269,0.996556,0.002260,-0.775733,-0.290781,-0.579169,0.454116,-1.873655,-0.485859,-0.853676,0.949363,-0.084604,-1.416456,0.156732,-0.214063,-1.073947,1.016474,0.030966,1.858939,1.927405,1.027926,-0.149119,-1.010134,-0.379257,0.636863,0.129823,2.187646,-0.883189,0.159639,-1.170328,-0.057805,-1.358593,-0.111851,-0.757462,-0.599792,0.749578,-0.528735,-0.190627,-0.322700,0.447715,-0.673927,-0.179439,-0.544995,-0.652386,-0.528332,-0.711520,-0.235732,1.867331,-0.043693,-0.662160,0.290431,-0.051017,0.148244,0.722318,1.094041,-0.560054,0.933337,-0.172250,-0.861416,-0.839306,1.396278,-0.727776,1.294881,0.414311,0.075605,-0.150180,-0.379602,0.104646,-2.265661,0.114526,0.846603,-0.756343,-0.814388,0.256000,-0.327371,-0.825147,-0.954010,0.872440,-1.089300,-1.228943,0.507651,0.681687,-0.779802,-0.574064,-1.036569,0.289959,-1.211519,-0.936207,0.496831,-0.117885,-0.617231,-0.021415,-0.792181,-1.175165,-0.658003,-0.150041,-1.811007,0.556589,0.441758,-0.740950,-1.823820,0.265620,0.937159,0.102910,0.190746,0.173119,-0.602968,-0.803542,-0.506865,-0.275266,-0.173430,-0.809195,-0.208347,1.494245,-0.234425,1.468757,-0.462201,-0.396743,-1.137757,-0.725076,1.183049,1.136293,0.413400,-1.677665,-1.093581,1.787548,0.742990,1.187093,-0.060982,-0.523926,0.497068,-0.731331,0.666702,0.074459,0.013930,-0.588661,0.150448,0.407136,-1.366634,0.558080,-1.610741,0.116197
2019-09-16 23:46:46 PM [Thread: main][ Class:cn.prism.face.Main >> Method: cn.prism.face.Main.main(Main.java:110) ]
INFO:---------------------------------------
2019-09-16 23:46:46 PM [Thread: main][ Class:cn.prism.face.Main >> Method: cn.prism.face.Main.main(Main.java:81) ]
INFO:等待数据........
2019-09-16 23:46:46 PM [Thread: main][ Class:cn.prism.face.Main >> Method: cn.prism.face.Main.main(Main.java:87) ]
INFO:接收数据---------------------------------
2019-09-16 23:46:46 PM [Thread: main][ Class:cn.prism.face.Main >> Method: cn.prism.face.Main.main(Main.java:88) ]
INFO:host:127.0.0.1
2019-09-16 23:46:46 PM [Thread: main][ Class:cn.prism.face.Main >> Method: cn.prism.face.Main.main(Main.java:89) ]
INFO:port:6665
2019-09-16 23:46:46 PM [Thread: main][ Class:cn.prism.face.Main >> Method: cn.prism.face.Main.main(Main.java:91) ]
INFO:data:feature#/prism/temp/hello_15622876233282_15686488045322.jpg
2019-09-16 23:46:46 PM [Thread: main][ Class:cn.prism.face.Main >> Method: cn.prism.face.Main.main(Main.java:92) ]
INFO:---------------------------------------
2019-09-16 23:46:46 PM [Thread: main][ Class:cn.prism.face.Main >> Method: cn.prism.face.Main.main(Main.java:97) ]
INFO:执行实例:class cn.prism.face.service.impl.FeatureCommand
2019-09-16 23:46:46 PM [Thread: main][ Class:cn.prism.face.Main >> Method: cn.prism.face.Main.main(Main.java:101) ]
INFO:本次操作耗时:71毫秒
2019-09-16 23:46:46 PM [Thread: main][ Class:cn.prism.face.Main >> Method: cn.prism.face.Main.main(Main.java:109) ]
INFO:sended:-0.042370,-0.255896,2.061335,1.644067,-1.096032,-0.533956,-0.834853,3.027175,-0.966595,-1.929505,-1.344167,0.940849,1.020244,-0.967474,1.243442,-0.048428,0.459699,-0.636539,0.541128,-0.919302,0.966618,-2.918350,-0.006378,0.769816,-1.279938,-0.165133,-1.612130,-1.268794,-2.040931,-2.083080,-1.382305,1.160519,-0.698665,-1.256762,3.332298,0.093231,1.517408,1.649005,1.014094,0.875986,-0.340951,-2.385124,-0.194726,0.093903,0.721067,-1.707651,0.797983,1.190416,-1.030144,2.235969,0.660616,1.617267,-1.473913,0.710369,0.089933,0.429767,-1.162301,-1.652685,1.266867,1.970976,0.349315,-0.534109,2.201914,1.978173,1.437431,1.525509,-1.957441,0.002631,1.686714,2.305033,-0.345959,0.587768,-0.291877,-0.524818,1.117430,1.341589,2.398493,-0.747036,-0.684359,1.792696,2.126112,1.080833,1.670714,0.993039,1.996445,-0.130541,1.862720,-3.440010,-1.715807,-1.184336,2.073176,0.634403,-3.574380,-2.599157,2.261984,-0.044277,2.576961,-0.716985,1.687482,-0.878069,0.998506,1.221783,1.797550,0.685898,-0.347031,1.140678,0.132660,0.902462,-0.526232,-2.087008,-1.710958,-2.122975,0.926997,3.398124,-2.973393,0.106081,-0.477332,0.847149,-0.672496,2.414304,-1.469419,0.981358,1.571413,-2.707516,-0.577548,0.514770,-0.316325,-3.638738,2.270670,1.369279,-4.100142,-1.212130,-1.015029,0.491611,2.521735,0.387319,-0.688076,1.699593,1.047732,1.476403,-0.164834,1.747417,-0.347502,-0.454848,1.551359,5.039812,-0.050181,2.909961,-1.760919,-0.900624,3.637172,0.691577,2.490027,0.172474,1.764619,0.585035,0.265926,0.494889,-1.934849,-0.841018,-0.554345,1.224366,-1.177210,0.572091,0.223867,1.426662,0.890468,2.118924,1.554566,0.276530,4.114868,-0.516007,1.189148,-1.394492,-0.140379,-1.599436,1.416009,-2.330566,-1.046766,0.089391,1.417563,-2.644169,2.338863,1.722207,0.347588,-0.031677,0.344120,-1.416292,2.152120,0.495714,-1.156836,0.053924,-1.775818,1.780116,-1.766198,1.016795,-0.165214,-1.023157,-0.597993,1.866396,-0.052987,-0.240777,1.904340,-1.583946,1.396682,-1.861428,1.130962,-1.219202,1.285487,-0.516405,0.228326,-0.002322,-0.858515,-1.804497,-0.673152,-1.994267,-0.037551,0.503904,3.702223,2.892458,0.537920,-3.883538,-0.294015,1.202280,-0.231274,3.654487,0.691179,1.954076,1.975546,-1.401932,-2.880760,2.300819,-0.679003,0.024938,0.385903,0.466504,3.386817,3.261422,-1.341186,3.305031,-2.375550,-2.670857,3.269616,-1.451265,-0.470035,2.398134,-1.012904,-0.708104,0.942149,-0.349024,-1.302713,1.586025,1.173883,-0.892029,1.901182,1.321858,0.301419,0.803640,1.140106,-1.518368,-1.941347,-0.858329,0.001733,2.389123,-0.486988,1.628264,0.277023,0.732103,0.711809,-0.421760,-0.227413,0.363425,1.289264,0.192746,-1.323884,-0.676384,0.054094,2.527137,-2.242189,-0.559853,1.617575,-1.265983,-1.350477,-0.126921,1.322815,-0.416401,1.316815,-0.326461,-0.878421,1.227386,-0.496570,0.308828,1.088064,-0.571077,0.391454,3.439544,0.663805,0.976008,0.755440,1.724256,-0.379482,-1.341245,4.539296,-1.246595,1.138672,-1.675283,4.886683,0.362847,0.374493,-1.575492,3.127091,-0.025967,-0.343950,-0.350334,0.424349,-3.086338,0.380322,-0.936380,-0.592598,2.270598,-0.832275,-0.126569,0.164435,-2.124026,-3.645022,0.213922,-2.470983,0.454107,0.214066,2.437390,1.818294,4.917627,0.415539,-1.227591,1.465893,0.922649,-1.247001,2.826662,-1.804809,1.504362,1.115875,-3.695537,-1.911438,-2.921417,-1.643418,4.433170,-0.859269,1.528601,0.437061,0.533421,3.576769,-1.612539,1.196864,-0.139082,-3.267174,0.604001,-0.351170,-2.455537,-0.813434,-0.491456,0.116113,-1.286977,0.594816,-0.052734,-1.109448,-0.119616,-1.742406,-2.092634,2.655671,-1.029054,-1.239143,0.596884,0.048789,2.044570,-2.792304,-2.497501,0.345717,-1.066615,0.078510,0.760814,1.556741,-2.159361,-0.065635,-0.489772,1.050300,-2.008564,1.336814,-0.550788,0.271006,-0.553802,2.365439,-2.735803,1.650644,1.295113,-1.220480,2.788083,-0.429894,-0.954933,-1.910341,-2.172405,0.035029,0.971608,-1.088173,-0.077498,1.222666,-4.357887,-0.625905,-0.678927,0.991947,-4.318130,0.081425,-0.306099,-1.196284,0.035455,-0.145237,0.397826,-0.212102,-2.157591,-2.802665,-1.294901,0.141167,-1.966383,-1.534396,-0.781443,1.241962,0.424801,-0.622225,-2.087545,-1.203671,0.646347,0.452701,-0.188290,1.113620,2.049796,0.018201,-0.950155,2.278955,-0.123275,-1.630817,-0.583137,1.641055,-2.650398,0.747561,0.641519,-1.341526,2.221814,-3.111333,3.128461,-0.863654,0.136964,-0.696033,0.571901,-0.021595,-0.039463,-2.173034,1.847939,-0.499917,-1.249184,0.679533,2.612427,-0.084658,-1.930996,0.925057,-0.682972,-3.112845,-0.633234,-2.173269,-1.064547,-4.584887,1.533396,-1.445770,0.906031,-0.363142,-0.365572,2.566427,-3.263344,1.658517,-0.437881,-0.195499,-1.117014,1.100002,0.646101,-0.103181,0.789224,-0.878351,1.943247,-1.850760,0.963910,-0.583385,1.347906,2.922711,-1.505299,-2.065343,-0.641238,0.898597,0.114608,-1.488113,2.627923,-1.983903,-1.856967,0.860041,-1.758287,2.021041,1.334982,-0.962530,0.968317,-0.771243,-0.260492,-0.261757,1.838779,-1.805103,0.168735,1.575033,-2.050672,-1.872191,0.823329,-0.321347,-0.457167,-1.575547,1.202797,0.426800,-0.615454,-0.054297,0.263311,0.696262,-0.750872,0.729571,0.310469,0.468137,1.267805,-0.099399,1.204496,-0.014700,-1.168210,-0.508953,-1.123526,-0.591066,0.366863,0.466285,-1.737247,-0.535757,0.160501,-2.009040,-0.604655,-1.132757,-1.046595,1.068600,-0.593810,1.175483,1.103714,-1.863324,-0.414874,-0.737384,0.881383,-0.496004,-1.125059,-0.475668,-0.890195,0.050772,1.855246,0.183592,0.253473,-0.115862,1.076452,-0.228690,-0.310236,0.821972,0.744516,0.427611,-0.731418,0.063743,-0.508427,-0.912738,2.095864,0.711884,0.419608,0.052020,-0.643928,0.112384,-0.801114,0.535174,0.733979,0.347334,-1.110933,-2.634772,0.441822,-0.929329,0.261798,-1.046541,-0.012536,0.119597,-0.866874,-0.636392,0.432980,0.487789,-0.890532,-0.271788,0.182602,-0.341219,0.341914,-1.055661,0.864542,-0.709908,0.012350,-0.073316,-0.752225,1.260135,0.083348,1.193047,0.867886,0.795923,-1.145517,-0.602839,1.003028,0.449497,0.331151,0.686547,-0.242410,1.085180,-0.326298,0.790754,-0.340900,0.168598,-0.922411,0.138285,0.487495,-0.687599,-0.182230,-1.095536,-0.823558,-1.300795,-0.361140,-0.791910,-1.153262,0.942763,-0.178122,-1.130614,1.980926,0.154964,-2.105694,-0.336893,0.152485,-0.455388,-0.143286,-0.201782,0.058597,0.729610,-0.600542,-1.933249,1.397678,-1.485301,1.963173,-1.038160,0.135561,-0.953297,0.705096,1.318879,-0.473556,0.212534,-0.397599,-1.022498,1.050084,0.221431,0.258311,2.574374,0.840489,-0.297151,-1.655298,-1.105263,0.869343,-0.602926,-0.630047,1.205057,0.683403,0.059098,0.024384,0.253277,-0.154002,-0.419330,1.494768,0.127837,0.273735,0.434947,-0.197590,0.162527,-0.263962,-1.911822,-0.517973,1.475192,-1.044331,-1.883132,1.403663,1.315501,-0.463403,0.088866,-0.719157,0.624578,-0.001891,0.030404,-0.797228,0.452083,0.919977,-1.069574,-1.500293,0.424776,-0.801248,-0.130369,0.691693,1.224523,-0.324106,-0.371292,-0.037381,0.584214,0.309780,0.363114,-0.289404,-0.106198,0.181656,0.886031,0.253002,-0.286025,0.494222,-0.514651,0.620460,1.647584,-1.097325,0.157518,0.832462,0.710239,0.649233,-0.704216,-0.062799,-0.410972,-0.364010,0.458163,1.090452,1.307487,-0.746851,-0.649225,0.441932,0.444407,-0.731775,-0.987815,-0.777255,-1.363362,-1.502603,-0.415104,-0.048733,-0.021675,0.856247,0.287943,-0.126813,-2.822742,0.686423,0.757653,1.093030,0.843070,0.019221,1.104726,-0.689609,0.140556,1.868399,-1.432735,0.613430,-0.025952,-0.577394,-0.556758,1.235753,-1.301997,0.803379,0.118911,-0.261990,-0.178889,0.061658,0.642315,0.203687,0.229909,-1.019292,0.628659,0.429456,-0.719986,0.955295,-0.123210,-0.592176,0.692427,-0.631124,-0.678978,-0.708691,0.274399,-0.449574,-2.186019,-0.273399,-1.428261,0.480620,0.262648,-0.988501,-0.282438,0.478755,0.043246,-1.517039,-0.542820,0.812180,-0.468279,0.816147,1.188559,0.207476,-0.409477,0.026523,-1.886162,-0.316845,-0.825419,-0.762269,-0.839799,0.568799,-0.057898,1.460727,-0.562730,0.257239,0.289784,0.651798,-1.114699,0.886206,-0.291234,0.406422,-0.256111,0.909344,0.101836,-0.216949,0.737576,-0.192014,1.367796,0.600293,1.407634,1.102096,0.040722,0.302920,1.355799,0.714136,-1.093300,0.112196,1.268895,0.239547,-0.588602,-0.484400,1.355549,-0.892289,-0.805364,-0.274936,0.203715,2.193219,1.034895,0.898890,-0.206286,0.640925,0.342017,-1.604495,-0.933497,0.484629,-1.631911,0.117771,1.420315,0.456343,-0.972513,1.047745,0.515739,0.244317,1.287552,0.393269,0.081233,-0.915066,0.453289,-1.030626,0.573028,-0.068105,-0.471714,0.013349,-1.329346,-1.430196,0.034792,-0.513921,-0.318258,-0.591979,1.317269,0.996556,0.002260,-0.775733,-0.290781,-0.579169,0.454116,-1.873655,-0.485859,-0.853676,0.949363,-0.084604,-1.416456,0.156732,-0.214063,-1.073947,1.016474,0.030966,1.858939,1.927405,1.027926,-0.149119,-1.010134,-0.379257,0.636863,0.129823,2.187646,-0.883189,0.159639,-1.170328,-0.057805,-1.358593,-0.111851,-0.757462,-0.599792,0.749578,-0.528735,-0.190627,-0.322700,0.447715,-0.673927,-0.179439,-0.544995,-0.652386,-0.528332,-0.711520,-0.235732,1.867331,-0.043693,-0.662160,0.290431,-0.051017,0.148244,0.722318,1.094041,-0.560054,0.933337,-0.172250,-0.861416,-0.839306,1.396278,-0.727776,1.294881,0.414311,0.075605,-0.150180,-0.379602,0.104646,-2.265661,0.114526,0.846603,-0.756343,-0.814388,0.256000,-0.327371,-0.825147,-0.954010,0.872440,-1.089300,-1.228943,0.507651,0.681687,-0.779802,-0.574064,-1.036569,0.289959,-1.211519,-0.936207,0.496831,-0.117885,-0.617231,-0.021415,-0.792181,-1.175165,-0.658003,-0.150041,-1.811007,0.556589,0.441758,-0.740950,-1.823820,0.265620,0.937159,0.102910,0.190746,0.173119,-0.602968,-0.803542,-0.506865,-0.275266,-0.173430,-0.809195,-0.208347,1.494245,-0.234425,1.468757,-0.462201,-0.396743,-1.137757,-0.725076,1.183049,1.136293,0.413400,-1.677665,-1.093581,1.787548,0.742990,1.187093,-0.060982,-0.523926,0.497068,-0.731331,0.666702,0.074459,0.013930,-0.588661,0.150448,0.407136,-1.366634,0.558080,-1.610741,0.116197
2019-09-16 23:46:46 PM [Thread: main][ Class:cn.prism.face.Main >> Method: cn.prism.face.Main.main(Main.java:110) ]
INFO:---------------------------------------
2019-09-16 23:46:46 PM [Thread: main][ Class:cn.prism.face.Main >> Method: cn.prism.face.Main.main(Main.java:81) ]
INFO:等待数据........
2019-09-16 23:46:47 PM [Thread: main][ Class:cn.prism.face.Main >> Method: cn.prism.face.Main.main(Main.java:87) ]
INFO:接收数据---------------------------------
2019-09-16 23:46:47 PM [Thread: main][ Class:cn.prism.face.Main >> Method: cn.prism.face.Main.main(Main.java:88) ]
INFO:host:127.0.0.1
2019-09-16 23:46:47 PM [Thread: main][ Class:cn.prism.face.Main >> Method: cn.prism.face.Main.main(Main.java:89) ]
INFO:port:6665
2019-09-16 23:46:47 PM [Thread: main][ Class:cn.prism.face.Main >> Method: cn.prism.face.Main.main(Main.java:91) ]
INFO:data:mean#https://www.prismnetwork.cn/znuplod/static/uplod/hello_15622876233282_15686485976941_15686486002324.jpg,https://www.prismnetwork.cn/znuplod/static/uplod/hello_15622876233282_15686488045240_15686488073901.jpg
2019-09-16 23:46:47 PM [Thread: main][ Class:cn.prism.face.Main >> Method: cn.prism.face.Main.main(Main.java:92) ]
INFO:---------------------------------------
2019-09-16 23:46:47 PM [Thread: main][ Class:cn.prism.face.Main >> Method: cn.prism.face.Main.main(Main.java:97) ]
INFO:执行实例:class cn.prism.face.service.impl.MeanCommand
2019-09-16 23:46:48 PM [Thread: main][ Class:cn.prism.face.Main >> Method: cn.prism.face.Main.main(Main.java:101) ]
INFO:本次操作耗时:1077毫秒
2019-09-16 23:46:48 PM [Thread: main][ Class:cn.prism.face.Main >> Method: cn.prism.face.Main.main(Main.java:109) ]
INFO:sended:-0.042370,-0.255896,2.061335,1.644067,-1.096032,-0.533956,-0.834853,3.027175,-0.966595,-1.929505,-1.344167,0.940849,1.020244,-0.967474,1.243442,-0.048428,0.459699,-0.636539,0.541128,-0.919302,0.966618,-2.918350,-0.006378,0.769816,-1.279938,-0.165133,-1.612130,-1.268794,-2.040931,-2.083080,-1.382305,1.160519,-0.698665,-1.256762,3.332298,0.093231,1.517408,1.649005,1.014094,0.875986,-0.340951,-2.385124,-0.194726,0.093903,0.721067,-1.707651,0.797983,1.190416,-1.030144,2.235969,0.660616,1.617267,-1.473913,0.710369,0.089933,0.429767,-1.162301,-1.652685,1.266867,1.970976,0.349315,-0.534109,2.201914,1.978173,1.437431,1.525509,-1.957441,0.002631,1.686714,2.305033,-0.345959,0.587768,-0.291877,-0.524818,1.117430,1.341589,2.398493,-0.747036,-0.684359,1.792696,2.126112,1.080833,1.670714,0.993039,1.996445,-0.130541,1.862720,-3.440010,-1.715807,-1.184336,2.073176,0.634403,-3.574380,-2.599157,2.261984,-0.044277,2.576961,-0.716985,1.687482,-0.878069,0.998506,1.221783,1.797550,0.685898,-0.347031,1.140678,0.132660,0.902462,-0.526232,-2.087008,-1.710958,-2.122975,0.926997,3.398124,-2.973393,0.106081,-0.477332,0.847149,-0.672496,2.414304,-1.469419,0.981358,1.571413,-2.707516,-0.577548,0.514770,-0.316325,-3.638738,2.270670,1.369279,-4.100142,-1.212130,-1.015029,0.491611,2.521735,0.387319,-0.688076,1.699593,1.047732,1.476403,-0.164834,1.747417,-0.347502,-0.454848,1.551359,5.039812,-0.050181,2.909961,-1.760919,-0.900624,3.637172,0.691577,2.490027,0.172474,1.764619,0.585035,0.265926,0.494889,-1.934849,-0.841018,-0.554345,1.224366,-1.177210,0.572091,0.223867,1.426662,0.890468,2.118924,1.554566,0.276530,4.114868,-0.516007,1.189148,-1.394492,-0.140379,-1.599436,1.416009,-2.330566,-1.046766,0.089391,1.417563,-2.644169,2.338863,1.722207,0.347588,-0.031677,0.344120,-1.416292,2.152120,0.495714,-1.156836,0.053924,-1.775818,1.780116,-1.766198,1.016795,-0.165214,-1.023157,-0.597993,1.866396,-0.052987,-0.240777,1.904340,-1.583946,1.396682,-1.861428,1.130962,-1.219202,1.285487,-0.516405,0.228326,-0.002322,-0.858515,-1.804497,-0.673152,-1.994267,-0.037551,0.503904,3.702223,2.892458,0.537920,-3.883538,-0.294015,1.202280,-0.231274,3.654487,0.691179,1.954076,1.975546,-1.401932,-2.880760,2.300819,-0.679003,0.024938,0.385903,0.466504,3.386817,3.261422,-1.341186,3.305031,-2.375550,-2.670857,3.269616,-1.451265,-0.470035,2.398134,-1.012904,-0.708104,0.942149,-0.349024,-1.302713,1.586025,1.173883,-0.892029,1.901182,1.321858,0.301419,0.803640,1.140106,-1.518368,-1.941347,-0.858329,0.001733,2.389123,-0.486988,1.628264,0.277023,0.732103,0.711809,-0.421760,-0.227413,0.363425,1.289264,0.192746,-1.323884,-0.676384,0.054094,2.527137,-2.242189,-0.559853,1.617575,-1.265983,-1.350477,-0.126921,1.322815,-0.416401,1.316815,-0.326461,-0.878421,1.227386,-0.496570,0.308828,1.088064,-0.571077,0.391454,3.439544,0.663805,0.976008,0.755440,1.724256,-0.379482,-1.341245,4.539296,-1.246595,1.138672,-1.675283,4.886683,0.362847,0.374493,-1.575492,3.127091,-0.025967,-0.343950,-0.350334,0.424349,-3.086338,0.380322,-0.936380,-0.592598,2.270598,-0.832275,-0.126569,0.164435,-2.124026,-3.645022,0.213922,-2.470983,0.454107,0.214066,2.437390,1.818294,4.917627,0.415539,-1.227591,1.465893,0.922649,-1.247001,2.826662,-1.804809,1.504362,1.115875,-3.695537,-1.911438,-2.921417,-1.643418,4.433170,-0.859269,1.528601,0.437061,0.533421,3.576769,-1.612539,1.196864,-0.139082,-3.267174,0.604001,-0.351170,-2.455537,-0.813434,-0.491456,0.116113,-1.286977,0.594816,-0.052734,-1.109448,-0.119616,-1.742406,-2.092634,2.655671,-1.029054,-1.239143,0.596884,0.048789,2.044570,-2.792304,-2.497501,0.345717,-1.066615,0.078510,0.760814,1.556741,-2.159361,-0.065635,-0.489772,1.050300,-2.008564,1.336814,-0.550788,0.271006,-0.553802,2.365439,-2.735803,1.650644,1.295113,-1.220480,2.788083,-0.429894,-0.954933,-1.910341,-2.172405,0.035029,0.971608,-1.088173,-0.077498,1.222666,-4.357887,-0.625905,-0.678927,0.991947,-4.318130,0.081425,-0.306099,-1.196284,0.035455,-0.145237,0.397826,-0.212102,-2.157591,-2.802665,-1.294901,0.141167,-1.966383,-1.534396,-0.781443,1.241962,0.424801,-0.622225,-2.087545,-1.203671,0.646347,0.452701,-0.188290,1.113620,2.049796,0.018201,-0.950155,2.278955,-0.123275,-1.630817,-0.583137,1.641055,-2.650398,0.747561,0.641519,-1.341526,2.221814,-3.111333,3.128461,-0.863654,0.136964,-0.696033,0.571901,-0.021595,-0.039463,-2.173034,1.847939,-0.499917,-1.249184,0.679533,2.612427,-0.084658,-1.930996,0.925057,-0.682972,-3.112845,-0.633234,-2.173269,-1.064547,-4.584887,1.533396,-1.445770,0.906031,-0.363142,-0.365572,2.566427,-3.263344,1.658517,-0.437881,-0.195499,-1.117014,1.100002,0.646101,-0.103181,0.789224,-0.878351,1.943247,-1.850760,0.963910,-0.583385,1.347906,2.922711,-1.505299,-2.065343,-0.641238,0.898597,0.114608,-1.488113,2.627923,-1.983903,-1.856967,0.860041,-1.758287,2.021041,1.334982,-0.962530,0.968317,-0.771243,-0.260492,-0.261757,1.838779,-1.805103,0.168735,1.575033,-2.050672,-1.872191,0.823329,-0.321347,-0.457167,-1.575547,1.202797,0.426800,-0.615454,-0.054297,0.263311,0.696262,-0.750872,0.729571,0.310469,0.468137,1.267805,-0.099399,1.204496,-0.014700,-1.168210,-0.508953,-1.123526,-0.591066,0.366863,0.466285,-1.737247,-0.535757,0.160501,-2.009040,-0.604655,-1.132757,-1.046595,1.068600,-0.593810,1.175483,1.103714,-1.863324,-0.414874,-0.737384,0.881383,-0.496004,-1.125059,-0.475668,-0.890195,0.050772,1.855246,0.183592,0.253473,-0.115862,1.076452,-0.228690,-0.310236,0.821972,0.744516,0.427611,-0.731418,0.063743,-0.508427,-0.912738,2.095864,0.711884,0.419608,0.052020,-0.643928,0.112384,-0.801114,0.535174,0.733979,0.347334,-1.110933,-2.634772,0.441822,-0.929329,0.261798,-1.046541,-0.012536,0.119597,-0.866874,-0.636392,0.432980,0.487789,-0.890532,-0.271788,0.182602,-0.341219,0.341914,-1.055661,0.864542,-0.709908,0.012350,-0.073316,-0.752225,1.260135,0.083348,1.193047,0.867886,0.795923,-1.145517,-0.602839,1.003028,0.449497,0.331151,0.686547,-0.242410,1.085180,-0.326298,0.790754,-0.340900,0.168598,-0.922411,0.138285,0.487495,-0.687599,-0.182230,-1.095536,-0.823558,-1.300795,-0.361140,-0.791910,-1.153262,0.942763,-0.178122,-1.130614,1.980926,0.154964,-2.105694,-0.336893,0.152485,-0.455388,-0.143286,-0.201782,0.058597,0.729610,-0.600542,-1.933249,1.397678,-1.485301,1.963173,-1.038160,0.135561,-0.953297,0.705096,1.318879,-0.473556,0.212534,-0.397599,-1.022498,1.050084,0.221431,0.258311,2.574374,0.840489,-0.297151,-1.655298,-1.105263,0.869343,-0.602926,-0.630047,1.205057,0.683403,0.059098,0.024384,0.253277,-0.154002,-0.419330,1.494768,0.127837,0.273735,0.434947,-0.197590,0.162527,-0.263962,-1.911822,-0.517973,1.475192,-1.044331,-1.883132,1.403663,1.315501,-0.463403,0.088866,-0.719157,0.624578,-0.001891,0.030404,-0.797228,0.452083,0.919977,-1.069574,-1.500293,0.424776,-0.801248,-0.130369,0.691693,1.224523,-0.324106,-0.371292,-0.037381,0.584214,0.309780,0.363114,-0.289404,-0.106198,0.181656,0.886031,0.253002,-0.286025,0.494222,-0.514651,0.620460,1.647584,-1.097325,0.157518,0.832462,0.710239,0.649233,-0.704216,-0.062799,-0.410972,-0.364010,0.458163,1.090452,1.307487,-0.746851,-0.649225,0.441932,0.444407,-0.731775,-0.987815,-0.777255,-1.363362,-1.502603,-0.415104,-0.048733,-0.021675,0.856247,0.287943,-0.126813,-2.822742,0.686423,0.757653,1.093030,0.843070,0.019221,1.104726,-0.689609,0.140556,1.868399,-1.432735,0.613430,-0.025952,-0.577394,-0.556758,1.235753,-1.301997,0.803379,0.118911,-0.261990,-0.178889,0.061658,0.642315,0.203687,0.229909,-1.019292,0.628659,0.429456,-0.719986,0.955295,-0.123210,-0.592176,0.692427,-0.631124,-0.678978,-0.708691,0.274399,-0.449574,-2.186019,-0.273399,-1.428261,0.480620,0.262648,-0.988501,-0.282438,0.478755,0.043246,-1.517039,-0.542820,0.812180,-0.468279,0.816147,1.188559,0.207476,-0.409477,0.026523,-1.886162,-0.316845,-0.825419,-0.762269,-0.839799,0.568799,-0.057898,1.460727,-0.562730,0.257239,0.289784,0.651798,-1.114699,0.886206,-0.291234,0.406422,-0.256111,0.909344,0.101836,-0.216949,0.737576,-0.192014,1.367796,0.600293,1.407634,1.102096,0.040722,0.302920,1.355799,0.714136,-1.093300,0.112196,1.268895,0.239547,-0.588602,-0.484400,1.355549,-0.892289,-0.805364,-0.274936,0.203715,2.193219,1.034895,0.898890,-0.206286,0.640925,0.342017,-1.604495,-0.933497,0.484629,-1.631911,0.117771,1.420315,0.456343,-0.972513,1.047745,0.515739,0.244317,1.287552,0.393269,0.081233,-0.915066,0.453289,-1.030626,0.573028,-0.068105,-0.471714,0.013349,-1.329346,-1.430196,0.034792,-0.513921,-0.318258,-0.591979,1.317269,0.996556,0.002260,-0.775733,-0.290781,-0.579169,0.454116,-1.873655,-0.485859,-0.853676,0.949363,-0.084604,-1.416456,0.156732,-0.214063,-1.073947,1.016474,0.030966,1.858939,1.927405,1.027926,-0.149119,-1.010134,-0.379257,0.636863,0.129823,2.187646,-0.883189,0.159639,-1.170328,-0.057805,-1.358593,-0.111851,-0.757462,-0.599792,0.749578,-0.528735,-0.190627,-0.322700,0.447715,-0.673927,-0.179439,-0.544995,-0.652386,-0.528332,-0.711520,-0.235732,1.867331,-0.043693,-0.662160,0.290431,-0.051017,0.148244,0.722318,1.094041,-0.560054,0.933337,-0.172250,-0.861416,-0.839306,1.396278,-0.727776,1.294881,0.414311,0.075605,-0.150180,-0.379602,0.104646,-2.265661,0.114526,0.846603,-0.756343,-0.814388,0.256000,-0.327371,-0.825147,-0.954010,0.872440,-1.089300,-1.228943,0.507651,0.681687,-0.779802,-0.574064,-1.036569,0.289959,-1.211519,-0.936207,0.496831,-0.117885,-0.617231,-0.021415,-0.792181,-1.175165,-0.658003,-0.150041,-1.811007,0.556589,0.441758,-0.740950,-1.823820,0.265620,0.937159,0.102910,0.190746,0.173119,-0.602968,-0.803542,-0.506865,-0.275266,-0.173430,-0.809195,-0.208347,1.494245,-0.234425,1.468757,-0.462201,-0.396743,-1.137757,-0.725076,1.183049,1.136293,0.413400,-1.677665,-1.093581,1.787548,0.742990,1.187093,-0.060982,-0.523926,0.497068,-0.731331,0.666702,0.074459,0.013930,-0.588661,0.150448,0.407136,-1.366634,0.558080,-1.610741,0.116197
2019-09-16 23:46:48 PM [Thread: main][ Class:cn.prism.face.Main >> Method: cn.prism.face.Main.main(Main.java:110) ]
INFO:---------------------------------------
2019-09-16 23:46:48 PM [Thread: main][ Class:cn.prism.face.Main >> Method: cn.prism.face.Main.main(Main.java:81) ]
INFO:等待数据........
2019-09-16 23:46:48 PM [Thread: main][ Class:cn.prism.face.Main >> Method: cn.prism.face.Main.main(Main.java:87) ]
INFO:接收数据---------------------------------
2019-09-16 23:46:48 PM [Thread: main][ Class:cn.prism.face.Main >> Method: cn.prism.face.Main.main(Main.java:88) ]
INFO:host:127.0.0.1
2019-09-16 23:46:48 PM [Thread: main][ Class:cn.prism.face.Main >> Method: cn.prism.face.Main.main(Main.java:89) ]
INFO:port:6665
2019-09-16 23:46:48 PM [Thread: main][ Class:cn.prism.face.Main >> Method: cn.prism.face.Main.main(Main.java:91) ]
INFO:data:mean#https://www.prismnetwork.cn/znuplod/static/uplod/hello_15622876233282_15686485976941_15686486002324.jpg,https://www.prismnetwork.cn/znuplod/static/uplod/hello_15622876233282_15686488045322_15686488075263.jpg
2019-09-16 23:46:48 PM [Thread: main][ Class:cn.prism.face.Main >> Method: cn.prism.face.Main.main(Main.java:92) ]
INFO:---------------------------------------
2019-09-16 23:46:48 PM [Thread: main][ Class:cn.prism.face.Main >> Method: cn.prism.face.Main.main(Main.java:97) ]
INFO:执行实例:class cn.prism.face.service.impl.MeanCommand
2019-09-16 23:46:49 PM [Thread: main][ Class:cn.prism.face.Main >> Method: cn.prism.face.Main.main(Main.java:101) ]
INFO:本次操作耗时:951毫秒
2019-09-16 23:46:49 PM [Thread: main][ Class:cn.prism.face.Main >> Method: cn.prism.face.Main.main(Main.java:109) ]
INFO:sended:-0.042370,-0.255896,2.061335,1.644067,-1.096032,-0.533956,-0.834853,3.027175,-0.966595,-1.929505,-1.344167,0.940849,1.020244,-0.967474,1.243442,-0.048428,0.459699,-0.636539,0.541128,-0.919302,0.966618,-2.918350,-0.006378,0.769816,-1.279938,-0.165133,-1.612130,-1.268794,-2.040931,-2.083080,-1.382305,1.160519,-0.698665,-1.256762,3.332298,0.093231,1.517408,1.649005,1.014094,0.875986,-0.340951,-2.385124,-0.194726,0.093903,0.721067,-1.707651,0.797983,1.190416,-1.030144,2.235969,0.660616,1.617267,-1.473913,0.710369,0.089933,0.429767,-1.162301,-1.652685,1.266867,1.970976,0.349315,-0.534109,2.201914,1.978173,1.437431,1.525509,-1.957441,0.002631,1.686714,2.305033,-0.345959,0.587768,-0.291877,-0.524818,1.117430,1.341589,2.398493,-0.747036,-0.684359,1.792696,2.126112,1.080833,1.670714,0.993039,1.996445,-0.130541,1.862720,-3.440010,-1.715807,-1.184336,2.073176,0.634403,-3.574380,-2.599157,2.261984,-0.044277,2.576961,-0.716985,1.687482,-0.878069,0.998506,1.221783,1.797550,0.685898,-0.347031,1.140678,0.132660,0.902462,-0.526232,-2.087008,-1.710958,-2.122975,0.926997,3.398124,-2.973393,0.106081,-0.477332,0.847149,-0.672496,2.414304,-1.469419,0.981358,1.571413,-2.707516,-0.577548,0.514770,-0.316325,-3.638738,2.270670,1.369279,-4.100142,-1.212130,-1.015029,0.491611,2.521735,0.387319,-0.688076,1.699593,1.047732,1.476403,-0.164834,1.747417,-0.347502,-0.454848,1.551359,5.039812,-0.050181,2.909961,-1.760919,-0.900624,3.637172,0.691577,2.490027,0.172474,1.764619,0.585035,0.265926,0.494889,-1.934849,-0.841018,-0.554345,1.224366,-1.177210,0.572091,0.223867,1.426662,0.890468,2.118924,1.554566,0.276530,4.114868,-0.516007,1.189148,-1.394492,-0.140379,-1.599436,1.416009,-2.330566,-1.046766,0.089391,1.417563,-2.644169,2.338863,1.722207,0.347588,-0.031677,0.344120,-1.416292,2.152120,0.495714,-1.156836,0.053924,-1.775818,1.780116,-1.766198,1.016795,-0.165214,-1.023157,-0.597993,1.866396,-0.052987,-0.240777,1.904340,-1.583946,1.396682,-1.861428,1.130962,-1.219202,1.285487,-0.516405,0.228326,-0.002322,-0.858515,-1.804497,-0.673152,-1.994267,-0.037551,0.503904,3.702223,2.892458,0.537920,-3.883538,-0.294015,1.202280,-0.231274,3.654487,0.691179,1.954076,1.975546,-1.401932,-2.880760,2.300819,-0.679003,0.024938,0.385903,0.466504,3.386817,3.261422,-1.341186,3.305031,-2.375550,-2.670857,3.269616,-1.451265,-0.470035,2.398134,-1.012904,-0.708104,0.942149,-0.349024,-1.302713,1.586025,1.173883,-0.892029,1.901182,1.321858,0.301419,0.803640,1.140106,-1.518368,-1.941347,-0.858329,0.001733,2.389123,-0.486988,1.628264,0.277023,0.732103,0.711809,-0.421760,-0.227413,0.363425,1.289264,0.192746,-1.323884,-0.676384,0.054094,2.527137,-2.242189,-0.559853,1.617575,-1.265983,-1.350477,-0.126921,1.322815,-0.416401,1.316815,-0.326461,-0.878421,1.227386,-0.496570,0.308828,1.088064,-0.571077,0.391454,3.439544,0.663805,0.976008,0.755440,1.724256,-0.379482,-1.341245,4.539296,-1.246595,1.138672,-1.675283,4.886683,0.362847,0.374493,-1.575492,3.127091,-0.025967,-0.343950,-0.350334,0.424349,-3.086338,0.380322,-0.936380,-0.592598,2.270598,-0.832275,-0.126569,0.164435,-2.124026,-3.645022,0.213922,-2.470983,0.454107,0.214066,2.437390,1.818294,4.917627,0.415539,-1.227591,1.465893,0.922649,-1.247001,2.826662,-1.804809,1.504362,1.115875,-3.695537,-1.911438,-2.921417,-1.643418,4.433170,-0.859269,1.528601,0.437061,0.533421,3.576769,-1.612539,1.196864,-0.139082,-3.267174,0.604001,-0.351170,-2.455537,-0.813434,-0.491456,0.116113,-1.286977,0.594816,-0.052734,-1.109448,-0.119616,-1.742406,-2.092634,2.655671,-1.029054,-1.239143,0.596884,0.048789,2.044570,-2.792304,-2.497501,0.345717,-1.066615,0.078510,0.760814,1.556741,-2.159361,-0.065635,-0.489772,1.050300,-2.008564,1.336814,-0.550788,0.271006,-0.553802,2.365439,-2.735803,1.650644,1.295113,-1.220480,2.788083,-0.429894,-0.954933,-1.910341,-2.172405,0.035029,0.971608,-1.088173,-0.077498,1.222666,-4.357887,-0.625905,-0.678927,0.991947,-4.318130,0.081425,-0.306099,-1.196284,0.035455,-0.145237,0.397826,-0.212102,-2.157591,-2.802665,-1.294901,0.141167,-1.966383,-1.534396,-0.781443,1.241962,0.424801,-0.622225,-2.087545,-1.203671,0.646347,0.452701,-0.188290,1.113620,2.049796,0.018201,-0.950155,2.278955,-0.123275,-1.630817,-0.583137,1.641055,-2.650398,0.747561,0.641519,-1.341526,2.221814,-3.111333,3.128461,-0.863654,0.136964,-0.696033,0.571901,-0.021595,-0.039463,-2.173034,1.847939,-0.499917,-1.249184,0.679533,2.612427,-0.084658,-1.930996,0.925057,-0.682972,-3.112845,-0.633234,-2.173269,-1.064547,-4.584887,1.533396,-1.445770,0.906031,-0.363142,-0.365572,2.566427,-3.263344,1.658517,-0.437881,-0.195499,-1.117014,1.100002,0.646101,-0.103181,0.789224,-0.878351,1.943247,-1.850760,0.963910,-0.583385,1.347906,2.922711,-1.505299,-2.065343,-0.641238,0.898597,0.114608,-1.488113,2.627923,-1.983903,-1.856967,0.860041,-1.758287,2.021041,1.334982,-0.962530,0.968317,-0.771243,-0.260492,-0.261757,1.838779,-1.805103,0.168735,1.575033,-2.050672,-1.872191,0.823329,-0.321347,-0.457167,-1.575547,1.202797,0.426800,-0.615454,-0.054297,0.263311,0.696262,-0.750872,0.729571,0.310469,0.468137,1.267805,-0.099399,1.204496,-0.014700,-1.168210,-0.508953,-1.123526,-0.591066,0.366863,0.466285,-1.737247,-0.535757,0.160501,-2.009040,-0.604655,-1.132757,-1.046595,1.068600,-0.593810,1.175483,1.103714,-1.863324,-0.414874,-0.737384,0.881383,-0.496004,-1.125059,-0.475668,-0.890195,0.050772,1.855246,0.183592,0.253473,-0.115862,1.076452,-0.228690,-0.310236,0.821972,0.744516,0.427611,-0.731418,0.063743,-0.508427,-0.912738,2.095864,0.711884,0.419608,0.052020,-0.643928,0.112384,-0.801114,0.535174,0.733979,0.347334,-1.110933,-2.634772,0.441822,-0.929329,0.261798,-1.046541,-0.012536,0.119597,-0.866874,-0.636392,0.432980,0.487789,-0.890532,-0.271788,0.182602,-0.341219,0.341914,-1.055661,0.864542,-0.709908,0.012350,-0.073316,-0.752225,1.260135,0.083348,1.193047,0.867886,0.795923,-1.145517,-0.602839,1.003028,0.449497,0.331151,0.686547,-0.242410,1.085180,-0.326298,0.790754,-0.340900,0.168598,-0.922411,0.138285,0.487495,-0.687599,-0.182230,-1.095536,-0.823558,-1.300795,-0.361140,-0.791910,-1.153262,0.942763,-0.178122,-1.130614,1.980926,0.154964,-2.105694,-0.336893,0.152485,-0.455388,-0.143286,-0.201782,0.058597,0.729610,-0.600542,-1.933249,1.397678,-1.485301,1.963173,-1.038160,0.135561,-0.953297,0.705096,1.318879,-0.473556,0.212534,-0.397599,-1.022498,1.050084,0.221431,0.258311,2.574374,0.840489,-0.297151,-1.655298,-1.105263,0.869343,-0.602926,-0.630047,1.205057,0.683403,0.059098,0.024384,0.253277,-0.154002,-0.419330,1.494768,0.127837,0.273735,0.434947,-0.197590,0.162527,-0.263962,-1.911822,-0.517973,1.475192,-1.044331,-1.883132,1.403663,1.315501,-0.463403,0.088866,-0.719157,0.624578,-0.001891,0.030404,-0.797228,0.452083,0.919977,-1.069574,-1.500293,0.424776,-0.801248,-0.130369,0.691693,1.224523,-0.324106,-0.371292,-0.037381,0.584214,0.309780,0.363114,-0.289404,-0.106198,0.181656,0.886031,0.253002,-0.286025,0.494222,-0.514651,0.620460,1.647584,-1.097325,0.157518,0.832462,0.710239,0.649233,-0.704216,-0.062799,-0.410972,-0.364010,0.458163,1.090452,1.307487,-0.746851,-0.649225,0.441932,0.444407,-0.731775,-0.987815,-0.777255,-1.363362,-1.502603,-0.415104,-0.048733,-0.021675,0.856247,0.287943,-0.126813,-2.822742,0.686423,0.757653,1.093030,0.843070,0.019221,1.104726,-0.689609,0.140556,1.868399,-1.432735,0.613430,-0.025952,-0.577394,-0.556758,1.235753,-1.301997,0.803379,0.118911,-0.261990,-0.178889,0.061658,0.642315,0.203687,0.229909,-1.019292,0.628659,0.429456,-0.719986,0.955295,-0.123210,-0.592176,0.692427,-0.631124,-0.678978,-0.708691,0.274399,-0.449574,-2.186019,-0.273399,-1.428261,0.480620,0.262648,-0.988501,-0.282438,0.478755,0.043246,-1.517039,-0.542820,0.812180,-0.468279,0.816147,1.188559,0.207476,-0.409477,0.026523,-1.886162,-0.316845,-0.825419,-0.762269,-0.839799,0.568799,-0.057898,1.460727,-0.562730,0.257239,0.289784,0.651798,-1.114699,0.886206,-0.291234,0.406422,-0.256111,0.909344,0.101836,-0.216949,0.737576,-0.192014,1.367796,0.600293,1.407634,1.102096,0.040722,0.302920,1.355799,0.714136,-1.093300,0.112196,1.268895,0.239547,-0.588602,-0.484400,1.355549,-0.892289,-0.805364,-0.274936,0.203715,2.193219,1.034895,0.898890,-0.206286,0.640925,0.342017,-1.604495,-0.933497,0.484629,-1.631911,0.117771,1.420315,0.456343,-0.972513,1.047745,0.515739,0.244317,1.287552,0.393269,0.081233,-0.915066,0.453289,-1.030626,0.573028,-0.068105,-0.471714,0.013349,-1.329346,-1.430196,0.034792,-0.513921,-0.318258,-0.591979,1.317269,0.996556,0.002260,-0.775733,-0.290781,-0.579169,0.454116,-1.873655,-0.485859,-0.853676,0.949363,-0.084604,-1.416456,0.156732,-0.214063,-1.073947,1.016474,0.030966,1.858939,1.927405,1.027926,-0.149119,-1.010134,-0.379257,0.636863,0.129823,2.187646,-0.883189,0.159639,-1.170328,-0.057805,-1.358593,-0.111851,-0.757462,-0.599792,0.749578,-0.528735,-0.190627,-0.322700,0.447715,-0.673927,-0.179439,-0.544995,-0.652386,-0.528332,-0.711520,-0.235732,1.867331,-0.043693,-0.662160,0.290431,-0.051017,0.148244,0.722318,1.094041,-0.560054,0.933337,-0.172250,-0.861416,-0.839306,1.396278,-0.727776,1.294881,0.414311,0.075605,-0.150180,-0.379602,0.104646,-2.265661,0.114526,0.846603,-0.756343,-0.814388,0.256000,-0.327371,-0.825147,-0.954010,0.872440,-1.089300,-1.228943,0.507651,0.681687,-0.779802,-0.574064,-1.036569,0.289959,-1.211519,-0.936207,0.496831,-0.117885,-0.617231,-0.021415,-0.792181,-1.175165,-0.658003,-0.150041,-1.811007,0.556589,0.441758,-0.740950,-1.823820,0.265620,0.937159,0.102910,0.190746,0.173119,-0.602968,-0.803542,-0.506865,-0.275266,-0.173430,-0.809195,-0.208347,1.494245,-0.234425,1.468757,-0.462201,-0.396743,-1.137757,-0.725076,1.183049,1.136293,0.413400,-1.677665,-1.093581,1.787548,0.742990,1.187093,-0.060982,-0.523926,0.497068,-0.731331,0.666702,0.074459,0.013930,-0.588661,0.150448,0.407136,-1.366634,0.558080,-1.610741,0.116197
2019-09-16 23:46:49 PM [Thread: main][ Class:cn.prism.face.Main >> Method: cn.prism.face.Main.main(Main.java:110) ]
INFO:---------------------------------------
2019-09-16 23:46:49 PM [Thread: main][ Class:cn.prism.face.Main >> Method: cn.prism.face.Main.main(Main.java:81) ]
INFO:等待数据........
2019-09-16 23:46:49 PM [Thread: main][ Class:cn.prism.face.Main >> Method: cn.prism.face.Main.main(Main.java:87) ]
INFO:接收数据---------------------------------
2019-09-16 23:46:49 PM [Thread: main][ Class:cn.prism.face.Main >> Method: cn.prism.face.Main.main(Main.java:88) ]
INFO:host:127.0.0.1
2019-09-16 23:46:49 PM [Thread: main][ Class:cn.prism.face.Main >> Method: cn.prism.face.Main.main(Main.java:89) ]
INFO:port:6665
2019-09-16 23:46:49 PM [Thread: main][ Class:cn.prism.face.Main >> Method: cn.prism.face.Main.main(Main.java:91) ]
INFO:data:readd#5d78c4b49411e93f109255b9
2019-09-16 23:46:49 PM [Thread: main][ Class:cn.prism.face.Main >> Method: cn.prism.face.Main.main(Main.java:92) ]
INFO:---------------------------------------
2019-09-16 23:46:49 PM [Thread: main][ Class:cn.prism.face.Main >> Method: cn.prism.face.Main.main(Main.java:97) ]
INFO:执行实例:class cn.prism.face.service.impl.ReaddCommand
2019-09-16 23:46:50 PM [Thread: main][ Class:cn.prism.face.Main >> Method: cn.prism.face.Main.main(Main.java:101) ]
INFO:本次操作耗时:963毫秒
2019-09-16 23:46:50 PM [Thread: main][ Class:cn.prism.face.Main >> Method: cn.prism.face.Main.main(Main.java:109) ]
INFO:sended:true
2019-09-16 23:46:50 PM [Thread: main][ Class:cn.prism.face.Main >> Method: cn.prism.face.Main.main(Main.java:110) ]
INFO:---------------------------------------
2019-09-16 23:46:50 PM [Thread: main][ Class:cn.prism.face.Main >> Method: cn.prism.face.Main.main(Main.java:81) ]
INFO:等待数据........
2019-09-16 23:46:50 PM [Thread: main][ Class:cn.prism.face.Main >> Method: cn.prism.face.Main.main(Main.java:87) ]
INFO:接收数据---------------------------------
2019-09-16 23:46:50 PM [Thread: main][ Class:cn.prism.face.Main >> Method: cn.prism.face.Main.main(Main.java:88) ]
INFO:host:127.0.0.1
2019-09-16 23:46:50 PM [Thread: main][ Class:cn.prism.face.Main >> Method: cn.prism.face.Main.main(Main.java:89) ]
INFO:port:6665
2019-09-16 23:46:50 PM [Thread: main][ Class:cn.prism.face.Main >> Method: cn.prism.face.Main.main(Main.java:91) ]
INFO:data:readd#5d78c4b49411e93f109255b9
2019-09-16 23:46:50 PM [Thread: main][ Class:cn.prism.face.Main >> Method: cn.prism.face.Main.main(Main.java:92) ]
INFO:---------------------------------------
2019-09-16 23:46:50 PM [Thread: main][ Class:cn.prism.face.Main >> Method: cn.prism.face.Main.main(Main.java:97) ]
INFO:执行实例:class cn.prism.face.service.impl.ReaddCommand
2019-09-16 23:46:51 PM [Thread: main][ Class:cn.prism.face.Main >> Method: cn.prism.face.Main.main(Main.java:101) ]
INFO:本次操作耗时:913毫秒
2019-09-16 23:46:51 PM [Thread: main][ Class:cn.prism.face.Main >> Method: cn.prism.face.Main.main(Main.java:109) ]
INFO:sended:true
2019-09-16 23:46:51 PM [Thread: main][ Class:cn.prism.face.Main >> Method: cn.prism.face.Main.main(Main.java:110) ]
INFO:---------------------------------------
2019-09-16 23:46:51 PM [Thread: main][ Class:cn.prism.face.Main >> Method: cn.prism.face.Main.main(Main.java:81) ]
INFO:等待数据........
