2019-09-18 16:28:48 PM [Thread: main][ Class:cn.prism.face.Main >> Method: cn.prism.face.Main.main(Main.java:27) ]
INFO:算法库加载成功
2019-09-18 16:29:01 PM [Thread: main][ Class:cn.prism.face.Main >> Method: cn.prism.face.Main.main(Main.java:64) ]
INFO:---------------------------------------
2019-09-18 16:29:01 PM [Thread: main][ Class:cn.prism.face.Main >> Method: cn.prism.face.Main.main(Main.java:70) ]
INFO:host:127.0.1.1
2019-09-18 16:29:01 PM [Thread: main][ Class:cn.prism.face.Main >> Method: cn.prism.face.Main.main(Main.java:71) ]
INFO:port:9999
2019-09-18 16:29:01 PM [Thread: main][ Class:cn.prism.face.Main >> Method: cn.prism.face.Main.main(Main.java:73) ]
INFO:服务已启动....
2019-09-18 16:29:01 PM [Thread: main][ Class:cn.prism.face.Main >> Method: cn.prism.face.Main.main(Main.java:74) ]
INFO:---------------------------------------
2019-09-18 16:29:01 PM [Thread: main][ Class:cn.prism.face.Main >> Method: cn.prism.face.Main.main(Main.java:81) ]
INFO:等待数据........
2019-09-18 16:42:19 PM [Thread: main][ Class:cn.prism.face.Main >> Method: cn.prism.face.Main.main(Main.java:87) ]
INFO:接收数据---------------------------------
2019-09-18 16:42:19 PM [Thread: main][ Class:cn.prism.face.Main >> Method: cn.prism.face.Main.main(Main.java:88) ]
INFO:host:127.0.0.1
2019-09-18 16:42:19 PM [Thread: main][ Class:cn.prism.face.Main >> Method: cn.prism.face.Main.main(Main.java:89) ]
INFO:port:6663
2019-09-18 16:42:19 PM [Thread: main][ Class:cn.prism.face.Main >> Method: cn.prism.face.Main.main(Main.java:91) ]
INFO:data:
2019-09-18 16:42:19 PM [Thread: main][ Class:cn.prism.face.Main >> Method: cn.prism.face.Main.main(Main.java:92) ]
INFO:---------------------------------------
2019-09-18 16:42:19 PM [Thread: main][ Class:cn.prism.face.Main >> Method: cn.prism.face.Main.main(Main.java:81) ]
INFO:等待数据........
2019-09-18 16:42:19 PM [Thread: main][ Class:cn.prism.face.Main >> Method: cn.prism.face.Main.main(Main.java:87) ]
INFO:接收数据---------------------------------
2019-09-18 16:42:19 PM [Thread: main][ Class:cn.prism.face.Main >> Method: cn.prism.face.Main.main(Main.java:88) ]
INFO:host:127.0.0.1
2019-09-18 16:42:19 PM [Thread: main][ Class:cn.prism.face.Main >> Method: cn.prism.face.Main.main(Main.java:89) ]
INFO:port:6663
2019-09-18 16:42:19 PM [Thread: main][ Class:cn.prism.face.Main >> Method: cn.prism.face.Main.main(Main.java:91) ]
INFO:data:exit
2019-09-18 16:42:19 PM [Thread: main][ Class:cn.prism.face.Main >> Method: cn.prism.face.Main.main(Main.java:92) ]
INFO:---------------------------------------
2019-09-18 16:42:19 PM [Thread: main][ Class:cn.prism.face.Main >> Method: cn.prism.face.Main.main(Main.java:97) ]
INFO:执行实例:class cn.prism.face.service.impl.ExitCommand
2019-09-18 16:42:19 PM [Thread: main][ Class:cn.prism.face.Main >> Method: cn.prism.face.Main.main(Main.java:101) ]
INFO:本次操作耗时:0毫秒
2019-09-18 16:42:19 PM [Thread: main][ Class:cn.prism.face.Main >> Method: cn.prism.face.Main.main(Main.java:109) ]
INFO:sended:ok
2019-09-18 16:42:19 PM [Thread: main][ Class:cn.prism.face.Main >> Method: cn.prism.face.Main.main(Main.java:110) ]
INFO:---------------------------------------
2019-09-18 16:42:19 PM [Thread: main][ Class:cn.prism.face.Main >> Method: cn.prism.face.Main.main(Main.java:116) ]
INFO:服务已停止!
2019-09-18 16:44:07 PM [Thread: main][ Class:cn.prism.face.Main >> Method: cn.prism.face.Main.main(Main.java:27) ]
INFO:算法库加载成功
2019-09-18 16:44:11 PM [Thread: main][ Class:cn.prism.face.Main >> Method: cn.prism.face.Main.main(Main.java:64) ]
INFO:---------------------------------------
2019-09-18 16:44:11 PM [Thread: main][ Class:cn.prism.face.Main >> Method: cn.prism.face.Main.main(Main.java:70) ]
INFO:host:127.0.1.1
2019-09-18 16:44:11 PM [Thread: main][ Class:cn.prism.face.Main >> Method: cn.prism.face.Main.main(Main.java:71) ]
INFO:port:9999
2019-09-18 16:44:11 PM [Thread: main][ Class:cn.prism.face.Main >> Method: cn.prism.face.Main.main(Main.java:73) ]
INFO:服务已启动....
2019-09-18 16:44:11 PM [Thread: main][ Class:cn.prism.face.Main >> Method: cn.prism.face.Main.main(Main.java:74) ]
INFO:---------------------------------------
2019-09-18 16:44:11 PM [Thread: main][ Class:cn.prism.face.Main >> Method: cn.prism.face.Main.main(Main.java:81) ]
INFO:等待数据........
2019-09-18 17:01:24 PM [Thread: main][ Class:cn.prism.face.Main >> Method: cn.prism.face.Main.main(Main.java:87) ]
INFO:接收数据---------------------------------
2019-09-18 17:01:24 PM [Thread: main][ Class:cn.prism.face.Main >> Method: cn.prism.face.Main.main(Main.java:88) ]
INFO:host:127.0.0.1
2019-09-18 17:01:24 PM [Thread: main][ Class:cn.prism.face.Main >> Method: cn.prism.face.Main.main(Main.java:89) ]
INFO:port:6663
2019-09-18 17:01:24 PM [Thread: main][ Class:cn.prism.face.Main >> Method: cn.prism.face.Main.main(Main.java:91) ]
INFO:data:
2019-09-18 17:01:24 PM [Thread: main][ Class:cn.prism.face.Main >> Method: cn.prism.face.Main.main(Main.java:92) ]
INFO:---------------------------------------
2019-09-18 17:01:24 PM [Thread: main][ Class:cn.prism.face.Main >> Method: cn.prism.face.Main.main(Main.java:81) ]
INFO:等待数据........
2019-09-18 17:01:24 PM [Thread: main][ Class:cn.prism.face.Main >> Method: cn.prism.face.Main.main(Main.java:87) ]
INFO:接收数据---------------------------------
2019-09-18 17:01:24 PM [Thread: main][ Class:cn.prism.face.Main >> Method: cn.prism.face.Main.main(Main.java:88) ]
INFO:host:127.0.0.1
2019-09-18 17:01:24 PM [Thread: main][ Class:cn.prism.face.Main >> Method: cn.prism.face.Main.main(Main.java:89) ]
INFO:port:6663
2019-09-18 17:01:24 PM [Thread: main][ Class:cn.prism.face.Main >> Method: cn.prism.face.Main.main(Main.java:91) ]
INFO:data:exit
2019-09-18 17:01:24 PM [Thread: main][ Class:cn.prism.face.Main >> Method: cn.prism.face.Main.main(Main.java:92) ]
INFO:---------------------------------------
2019-09-18 17:01:24 PM [Thread: main][ Class:cn.prism.face.Main >> Method: cn.prism.face.Main.main(Main.java:97) ]
INFO:执行实例:class cn.prism.face.service.impl.ExitCommand
2019-09-18 17:01:24 PM [Thread: main][ Class:cn.prism.face.Main >> Method: cn.prism.face.Main.main(Main.java:101) ]
INFO:本次操作耗时:0毫秒
2019-09-18 17:01:24 PM [Thread: main][ Class:cn.prism.face.Main >> Method: cn.prism.face.Main.main(Main.java:109) ]
INFO:sended:ok
2019-09-18 17:01:24 PM [Thread: main][ Class:cn.prism.face.Main >> Method: cn.prism.face.Main.main(Main.java:110) ]
INFO:---------------------------------------
2019-09-18 17:01:24 PM [Thread: main][ Class:cn.prism.face.Main >> Method: cn.prism.face.Main.main(Main.java:116) ]
INFO:服务已停止!
2019-09-18 17:03:04 PM [Thread: main][ Class:cn.prism.face.Main >> Method: cn.prism.face.Main.main(Main.java:27) ]
INFO:算法库加载成功
2019-09-18 17:03:08 PM [Thread: main][ Class:cn.prism.face.Main >> Method: cn.prism.face.Main.main(Main.java:64) ]
INFO:---------------------------------------
2019-09-18 17:03:08 PM [Thread: main][ Class:cn.prism.face.Main >> Method: cn.prism.face.Main.main(Main.java:70) ]
INFO:host:127.0.1.1
2019-09-18 17:03:08 PM [Thread: main][ Class:cn.prism.face.Main >> Method: cn.prism.face.Main.main(Main.java:71) ]
INFO:port:9999
2019-09-18 17:03:08 PM [Thread: main][ Class:cn.prism.face.Main >> Method: cn.prism.face.Main.main(Main.java:73) ]
INFO:服务已启动....
2019-09-18 17:03:08 PM [Thread: main][ Class:cn.prism.face.Main >> Method: cn.prism.face.Main.main(Main.java:74) ]
INFO:---------------------------------------
2019-09-18 17:03:08 PM [Thread: main][ Class:cn.prism.face.Main >> Method: cn.prism.face.Main.main(Main.java:81) ]
INFO:等待数据........
2019-09-18 17:06:44 PM [Thread: main][ Class:cn.prism.face.Main >> Method: cn.prism.face.Main.main(Main.java:87) ]
INFO:接收数据---------------------------------
2019-09-18 17:06:44 PM [Thread: main][ Class:cn.prism.face.Main >> Method: cn.prism.face.Main.main(Main.java:88) ]
INFO:host:127.0.0.1
2019-09-18 17:06:44 PM [Thread: main][ Class:cn.prism.face.Main >> Method: cn.prism.face.Main.main(Main.java:89) ]
INFO:port:6663
2019-09-18 17:06:44 PM [Thread: main][ Class:cn.prism.face.Main >> Method: cn.prism.face.Main.main(Main.java:91) ]
INFO:data:pic#/prism/temp/3fa980f6-ad2d-4dfb-bc0b-a5fe877eb98d_15687976044972.png
2019-09-18 17:06:44 PM [Thread: main][ Class:cn.prism.face.Main >> Method: cn.prism.face.Main.main(Main.java:92) ]
INFO:---------------------------------------
2019-09-18 17:06:44 PM [Thread: main][ Class:cn.prism.face.Main >> Method: cn.prism.face.Main.main(Main.java:97) ]
INFO:执行实例:class cn.prism.face.service.impl.PicCommand
2019-09-18 17:06:44 PM [Thread: main][ Class:cn.prism.face.Main >> Method: cn.prism.face.Main.main(Main.java:101) ]
INFO:本次操作耗时:107毫秒
2019-09-18 17:06:44 PM [Thread: main][ Class:cn.prism.face.Main >> Method: cn.prism.face.Main.main(Main.java:109) ]
INFO:sended:true
2019-09-18 17:06:44 PM [Thread: main][ Class:cn.prism.face.Main >> Method: cn.prism.face.Main.main(Main.java:110) ]
INFO:---------------------------------------
2019-09-18 17:06:44 PM [Thread: main][ Class:cn.prism.face.Main >> Method: cn.prism.face.Main.main(Main.java:81) ]
INFO:等待数据........
2019-09-18 17:06:44 PM [Thread: main][ Class:cn.prism.face.Main >> Method: cn.prism.face.Main.main(Main.java:87) ]
INFO:接收数据---------------------------------
2019-09-18 17:06:44 PM [Thread: main][ Class:cn.prism.face.Main >> Method: cn.prism.face.Main.main(Main.java:88) ]
INFO:host:127.0.0.1
2019-09-18 17:06:44 PM [Thread: main][ Class:cn.prism.face.Main >> Method: cn.prism.face.Main.main(Main.java:89) ]
INFO:port:6663
2019-09-18 17:06:44 PM [Thread: main][ Class:cn.prism.face.Main >> Method: cn.prism.face.Main.main(Main.java:91) ]
INFO:data:feature#/prism/temp/3fa980f6-ad2d-4dfb-bc0b-a5fe877eb98d_15687976044972.png
2019-09-18 17:06:44 PM [Thread: main][ Class:cn.prism.face.Main >> Method: cn.prism.face.Main.main(Main.java:92) ]
INFO:---------------------------------------
2019-09-18 17:06:44 PM [Thread: main][ Class:cn.prism.face.Main >> Method: cn.prism.face.Main.main(Main.java:97) ]
INFO:执行实例:class cn.prism.face.service.impl.FeatureCommand
2019-09-18 17:06:44 PM [Thread: main][ Class:cn.prism.face.Main >> Method: cn.prism.face.Main.main(Main.java:101) ]
INFO:本次操作耗时:60毫秒
2019-09-18 17:06:44 PM [Thread: main][ Class:cn.prism.face.Main >> Method: cn.prism.face.Main.main(Main.java:109) ]
INFO:sended:0.261583,-1.098642,2.042048,-0.476154,0.764217,-0.788138,0.492179,1.447230,2.408137,0.692317,-1.114003,1.421962,0.651195,-0.612956,-0.237990,-0.564448,1.025652,-0.642843,1.688567,0.685125,1.729809,1.676580,-0.544540,-0.053911,0.194882,-2.488681,-1.508695,0.302261,0.403541,-0.143484,1.452848,-0.148885,-1.135768,-1.573500,-0.554169,-1.692196,0.484827,0.149461,0.158017,0.579506,-1.487045,-1.240243,-1.245662,0.675163,0.953307,1.052346,1.599519,-0.989427,-2.491148,1.407367,-0.794444,2.876376,0.929230,2.591632,-1.032495,0.664539,1.904880,0.135546,1.271831,1.483171,1.641014,-0.630887,0.257750,2.143579,-0.581993,1.064987,-2.418850,0.950088,0.375427,1.378303,-0.068264,-1.346449,1.212000,-1.591121,-1.096133,-1.507568,0.008460,0.181050,1.614817,1.063407,-1.063597,2.206953,-0.774773,-0.095576,0.883565,-1.800581,-0.509377,-1.930039,-4.216452,0.813330,-0.848429,0.616628,-1.032239,-1.910734,-0.083756,1.650969,-0.114818,-1.423783,1.027697,-0.906846,0.268617,0.573667,0.422976,1.736497,1.227657,0.921412,0.660748,-1.214285,-1.737978,-0.377339,0.183580,-1.310727,0.664428,1.810066,-2.480901,1.062363,1.067175,0.507161,2.371834,1.837543,1.161292,-1.730743,0.159631,-0.008102,0.265744,1.340309,0.369495,0.313759,-1.128317,-0.027855,-2.502646,-0.505115,-1.012873,1.248171,1.001162,0.261590,1.673859,2.448860,0.110811,-0.924725,-0.638043,1.576974,2.253761,-0.876828,-0.070058,-0.269119,0.172313,2.229441,-1.540587,-0.206086,0.878700,0.728297,0.305418,2.054758,1.354367,0.158365,1.384808,2.524207,-1.270755,-0.065778,0.073610,2.448513,1.020066,0.683761,0.382252,0.254269,1.442060,3.029132,-2.399442,-0.414661,2.505414,-0.988043,-0.310359,-0.398767,0.240920,1.057236,-0.616175,-1.644567,-1.052522,-0.508191,1.425797,-2.812364,0.404115,0.209117,0.006976,-0.717788,1.368814,1.350336,-0.583196,2.154154,0.687897,-0.503396,-1.692944,0.984479,-0.002895,1.390044,-1.073864,2.209256,1.009979,0.997727,-4.696661,0.418059,1.893958,-2.201826,-0.668287,-1.112891,0.070732,-1.186778,1.966244,0.700816,-0.188856,0.297898,-2.647117,-0.765052,-0.381240,-3.404545,1.933411,-0.233176,1.253481,-1.681315,1.138465,-1.094730,0.826164,1.781981,1.415213,2.223899,2.950830,-0.846112,1.118838,0.798410,-0.919076,1.401315,-1.282988,-0.578596,-0.520482,1.635587,-0.583754,1.225835,1.940635,2.277401,-0.645400,-1.270920,-0.473060,-0.862770,0.158769,2.826452,2.014046,0.388158,-0.647108,-0.823688,-0.614337,0.713498,0.500553,1.697242,-0.880030,1.917564,-1.254813,0.174297,0.066355,1.416533,-0.945975,-1.077739,0.466464,0.114139,2.016152,2.407458,1.047648,-3.017302,-2.739024,2.134983,0.900336,-1.370419,1.245392,2.714871,0.092809,-0.848875,-0.252659,-2.043033,-1.653447,-1.105360,-0.482933,-1.529079,-0.761477,0.791262,0.264503,2.268682,0.922578,0.390911,-1.474754,1.649228,-3.045981,0.481749,0.722912,-0.022624,-1.582440,3.155965,-0.717042,0.023888,2.458336,1.948080,1.345016,-1.841681,2.924463,-0.647146,0.215037,0.135389,0.620625,0.135983,-1.306873,0.948816,0.092684,-1.525122,-0.547015,-1.144874,-0.607794,-2.143203,-0.719886,0.403246,-0.448417,-2.041326,-0.167941,0.015194,-1.454537,-1.695174,0.819607,-1.483515,-2.613502,-1.174959,-0.059328,-0.071960,1.821865,2.886855,0.266285,-0.218730,0.636650,0.550128,0.887005,1.191817,0.153402,-0.284925,0.565888,-1.194625,-0.816341,0.435741,0.094634,1.981718,-2.193738,-0.779232,1.063272,-0.245087,1.701371,-0.304156,-1.261965,-0.693541,-0.490229,0.985887,0.270232,-1.363236,-2.007115,0.695045,-0.127349,-1.263404,1.054837,1.560479,-0.055490,0.988556,-0.609881,0.295959,2.787537,-0.143812,0.825219,-0.129652,-2.441181,0.642368,-2.564914,-0.540712,0.715951,-1.806450,0.468874,-0.923839,0.324464,-1.032181,1.745262,1.912038,-0.455667,-1.148710,-1.804255,-0.362187,-0.339756,-0.611333,0.488749,-3.555637,-0.899459,-0.095927,-1.732948,-0.167657,1.201209,-1.099193,0.158538,0.837700,-0.649987,-0.375878,0.314427,-0.101289,-0.138137,-0.748348,1.419224,0.272597,-0.414513,-1.256512,-1.228429,0.662635,-0.681100,-0.083218,-1.140434,0.344409,1.208746,0.716149,-1.203316,-1.299980,0.942112,0.202052,1.304882,-2.577735,0.705980,-1.424564,-0.330331,-1.718278,-0.674418,0.212899,2.175499,-0.775873,1.655479,0.093310,0.133228,2.518806,0.249013,0.893014,-0.749984,-0.790618,1.270728,1.497533,-0.821303,2.776856,0.322571,3.840169,-1.084695,0.796601,-0.736809,-0.975805,-3.024793,1.160887,0.094157,1.488136,-2.080821,2.106896,4.602213,1.597156,1.003588,1.186213,1.498102,-0.403700,0.281974,-0.818635,-0.859881,0.355395,0.404096,0.142238,-1.253576,-0.850411,0.104095,-0.729123,0.894341,1.885965,-0.678510,-1.713875,1.877169,0.803540,-0.015567,-1.941880,0.676357,0.454335,-0.703384,1.256494,-0.500403,0.867789,1.834797,-0.730998,0.760944,1.382952,1.571816,-2.480816,-1.770720,-0.163780,-1.042938,-1.393704,0.921721,-0.332658,1.097934,-0.492663,0.315219,-0.979993,1.150895,0.288017,-1.140432,2.454725,-1.168366,0.355269,0.765429,-0.527754,-2.582242,0.448451,1.184047,-1.256340,-1.563965,0.277001,0.991511,0.189384,-1.242076,0.576628,-0.548240,-0.597188,-0.851213,0.564469,0.119746,0.425402,-0.038554,0.793055,0.370182,0.006938,-0.286283,1.763673,-0.540451,-0.307169,0.057106,0.799207,0.195677,-0.055045,-0.003823,-0.487929,-0.285418,0.081784,-1.705264,0.020066,-1.351250,-0.503408,0.060793,-0.364225,0.397657,0.695248,-1.779382,-0.429494,-0.853737,0.402544,-0.089899,-0.214358,-0.718474,-1.116570,-0.101957,0.318069,0.750060,0.676275,-1.172702,0.174927,0.557629,-0.156806,-0.178557,-0.211897,-0.401729,-0.612702,-0.004444,-1.145735,-0.126007,0.912366,-0.013743,-0.051665,0.001681,-0.521659,0.192908,-0.468747,-0.501939,0.473120,0.261518,-0.168555,-0.603969,0.812369,-0.190213,0.187538,-0.359688,-0.768679,0.022098,-0.450528,0.258182,-0.959224,-0.850462,-0.534881,-0.616962,0.253305,-0.471942,0.040958,-0.589126,-0.061489,-0.948916,0.275366,-0.773818,-0.050540,1.493711,-0.695059,0.006192,0.384651,0.937145,-1.575632,-0.856288,0.781682,0.139992,0.695939,0.878230,0.795023,0.642619,-0.580484,0.454526,-0.405254,-0.207108,-1.051926,-0.156311,-0.070050,-0.499480,0.188162,-0.591731,-0.426076,0.323457,-0.582155,0.274651,-1.037906,0.290461,0.643237,-1.488303,0.214585,0.402247,-0.671331,0.037075,0.171598,0.457111,-0.812998,0.325225,0.271587,-0.153316,0.038204,-0.177575,-0.117373,-1.333067,1.230862,-1.436814,0.787688,-0.010671,0.518821,1.527847,0.049518,-0.184327,-0.843941,-0.783580,1.068059,0.020481,-0.519326,1.652808,0.506683,0.724184,-0.915870,-0.939535,0.468917,-0.489449,-0.834572,0.736679,-0.141815,-0.001301,-0.440579,0.090362,-0.079791,-0.979179,0.422441,0.172871,1.074152,0.243489,-0.094970,0.089921,0.455155,-0.859679,0.203142,1.324877,-0.942200,-0.909058,0.566952,0.710237,0.450587,-0.119580,-0.517788,0.493088,0.869967,-0.179555,-0.652217,0.408065,0.606149,-1.403403,-0.508000,0.601741,-1.320748,-0.015505,0.699368,-0.111810,-0.438972,-0.428082,-0.625916,-0.210963,0.628763,0.073076,-0.243484,0.119189,-0.637325,1.715313,0.753679,-0.817650,0.012420,-0.116728,0.223358,1.202431,-0.817623,0.724478,1.130506,0.555861,0.706309,-0.641931,0.273173,0.560666,0.158692,0.388532,0.492549,0.279366,0.222711,0.068021,-0.016917,0.549317,-0.665283,-0.886828,0.008447,-0.521968,-0.209303,-0.167972,-0.266448,0.182647,1.066839,0.430326,-0.007263,-1.077160,1.280706,-0.054723,0.860772,-0.525917,-0.152230,-0.318508,0.213267,-0.425768,0.881382,-1.472436,-0.421471,0.226024,-0.593464,-0.059059,0.700652,-0.275396,1.061550,0.505243,-0.637099,-0.331967,0.721392,0.275002,-0.063031,0.219404,-1.329978,0.370527,-0.005553,-0.619021,0.315802,-0.456358,-0.070333,-0.211367,0.206651,-0.177153,-0.365436,0.248311,-0.465987,-1.352112,0.119984,-1.525362,1.037905,-1.097238,0.073225,-0.021516,1.872777,0.310094,-0.159774,-0.375095,0.409858,-0.279580,0.863592,0.754012,0.172736,-0.237085,0.501471,-1.456242,-0.252786,0.183620,-0.543779,-0.506483,0.150361,0.875190,1.366711,0.598590,-0.142520,0.998440,-0.497128,-0.145767,0.463602,-0.144647,-0.943112,-0.893132,1.495313,-0.697953,-0.367775,-0.068936,0.053381,1.045954,-0.058003,0.946180,0.173352,-0.193715,-0.438778,0.818796,1.440820,-0.451801,0.600245,0.960566,-0.234875,-0.043590,-0.875602,0.992163,-0.537608,-0.917933,0.333310,-0.422516,1.229868,0.993818,0.361320,-0.230100,-0.027391,0.512710,-1.038799,-1.188725,0.340261,-0.807780,0.928340,1.440891,-0.917965,-0.222314,0.825212,0.136753,0.578818,-1.044742,0.452830,-0.265953,-0.858997,0.158914,0.404945,0.136711,-0.189063,0.656539,0.318769,-0.897106,-0.002906,0.637980,-1.245357,0.466677,-1.072807,0.350653,-0.571919,0.609135,-0.772779,0.686793,0.333539,1.498079,-0.743336,0.614254,-0.507442,0.943707,-0.137009,-1.177382,0.095546,1.168234,-0.364750,-0.238262,-0.336681,0.614798,1.242935,1.481905,0.040585,-1.202201,-0.049006,0.577785,0.052924,0.404215,-0.400314,-0.237146,-0.553234,0.267149,-0.809150,-0.810974,-0.997173,-0.245394,-0.592716,-0.362887,-0.673969,-0.827410,0.153265,-0.746981,0.232415,-1.266662,-1.035882,0.238757,-0.286869,-0.836500,1.540953,0.174920,-1.177531,0.448543,0.368260,0.073089,0.701685,0.716015,-0.337368,1.035152,-0.036414,-1.310808,-1.435914,0.729312,-0.426833,0.864598,0.695424,0.946893,0.813658,0.223956,0.353873,-1.292288,-0.064618,0.579963,-0.351202,-1.101783,-1.035178,-0.030446,-0.714674,-0.501258,0.236528,-0.874412,-0.628103,0.345964,0.551465,0.611440,-0.685857,-1.044656,0.399662,-0.830731,-0.583799,0.310000,-0.002379,-0.584926,0.000557,-0.726053,0.825055,-0.506055,-0.565502,-1.073265,-0.004629,0.904439,-0.623852,-1.466854,0.175081,0.446550,0.497778,0.262302,0.255757,0.534148,0.111246,-0.199672,-0.211501,0.620127,-0.058539,-0.515183,1.111889,-0.129453,1.275053,-1.244559,-0.169863,-0.949055,-0.769173,1.548611,0.860854,0.606398,-2.055847,-0.267636,1.352219,0.659690,0.446706,-0.458930,-0.075458,-0.576661,-1.110268,0.679711,0.419311,0.649970,-0.177769,0.860821,0.533365,-1.420975,0.150404,0.189434,-0.227973
2019-09-18 17:06:44 PM [Thread: main][ Class:cn.prism.face.Main >> Method: cn.prism.face.Main.main(Main.java:110) ]
INFO:---------------------------------------
2019-09-18 17:06:44 PM [Thread: main][ Class:cn.prism.face.Main >> Method: cn.prism.face.Main.main(Main.java:81) ]
INFO:等待数据........
2019-09-18 17:06:45 PM [Thread: main][ Class:cn.prism.face.Main >> Method: cn.prism.face.Main.main(Main.java:87) ]
INFO:接收数据---------------------------------
2019-09-18 17:06:45 PM [Thread: main][ Class:cn.prism.face.Main >> Method: cn.prism.face.Main.main(Main.java:88) ]
INFO:host:127.0.0.1
2019-09-18 17:06:45 PM [Thread: main][ Class:cn.prism.face.Main >> Method: cn.prism.face.Main.main(Main.java:89) ]
INFO:port:6663
2019-09-18 17:06:45 PM [Thread: main][ Class:cn.prism.face.Main >> Method: cn.prism.face.Main.main(Main.java:91) ]
INFO:data:mean#https://www.prismnetwork.cn/znuplod/static/uplod/3fa980f6-ad2d-4dfb-bc0b-a5fe877eb98d_15687976044972_15687976050501.png
2019-09-18 17:06:45 PM [Thread: main][ Class:cn.prism.face.Main >> Method: cn.prism.face.Main.main(Main.java:92) ]
INFO:---------------------------------------
2019-09-18 17:06:45 PM [Thread: main][ Class:cn.prism.face.Main >> Method: cn.prism.face.Main.main(Main.java:97) ]
INFO:执行实例:class cn.prism.face.service.impl.MeanCommand
2019-09-18 17:06:45 PM [Thread: main][ Class:cn.prism.face.Main >> Method: cn.prism.face.Main.main(Main.java:101) ]
INFO:本次操作耗时:571毫秒
2019-09-18 17:06:45 PM [Thread: main][ Class:cn.prism.face.Main >> Method: cn.prism.face.Main.main(Main.java:109) ]
INFO:sended:0.261583,-1.098642,2.042048,-0.476154,0.764217,-0.788138,0.492179,1.447230,2.408137,0.692317,-1.114003,1.421962,0.651195,-0.612956,-0.237990,-0.564448,1.025652,-0.642843,1.688567,0.685125,1.729809,1.676580,-0.544540,-0.053911,0.194882,-2.488681,-1.508695,0.302261,0.403541,-0.143484,1.452848,-0.148885,-1.135768,-1.573500,-0.554169,-1.692196,0.484827,0.149461,0.158017,0.579506,-1.487045,-1.240243,-1.245662,0.675163,0.953307,1.052346,1.599519,-0.989427,-2.491148,1.407367,-0.794444,2.876376,0.929230,2.591632,-1.032495,0.664539,1.904880,0.135546,1.271831,1.483171,1.641014,-0.630887,0.257750,2.143579,-0.581993,1.064987,-2.418850,0.950088,0.375427,1.378303,-0.068264,-1.346449,1.212000,-1.591121,-1.096133,-1.507568,0.008460,0.181050,1.614817,1.063407,-1.063597,2.206953,-0.774773,-0.095576,0.883565,-1.800581,-0.509377,-1.930039,-4.216452,0.813330,-0.848429,0.616628,-1.032239,-1.910734,-0.083756,1.650969,-0.114818,-1.423783,1.027697,-0.906846,0.268617,0.573667,0.422976,1.736497,1.227657,0.921412,0.660748,-1.214285,-1.737978,-0.377339,0.183580,-1.310727,0.664428,1.810066,-2.480901,1.062363,1.067175,0.507161,2.371834,1.837543,1.161292,-1.730743,0.159631,-0.008102,0.265744,1.340309,0.369495,0.313759,-1.128317,-0.027855,-2.502646,-0.505115,-1.012873,1.248171,1.001162,0.261590,1.673859,2.448860,0.110811,-0.924725,-0.638043,1.576974,2.253761,-0.876828,-0.070058,-0.269119,0.172313,2.229441,-1.540587,-0.206086,0.878700,0.728297,0.305418,2.054758,1.354367,0.158365,1.384808,2.524207,-1.270755,-0.065778,0.073610,2.448513,1.020066,0.683761,0.382252,0.254269,1.442060,3.029132,-2.399442,-0.414661,2.505414,-0.988043,-0.310359,-0.398767,0.240920,1.057236,-0.616175,-1.644567,-1.052522,-0.508191,1.425797,-2.812364,0.404115,0.209117,0.006976,-0.717788,1.368814,1.350336,-0.583196,2.154154,0.687897,-0.503396,-1.692944,0.984479,-0.002895,1.390044,-1.073864,2.209256,1.009979,0.997727,-4.696661,0.418059,1.893958,-2.201826,-0.668287,-1.112891,0.070732,-1.186778,1.966244,0.700816,-0.188856,0.297898,-2.647117,-0.765052,-0.381240,-3.404545,1.933411,-0.233176,1.253481,-1.681315,1.138465,-1.094730,0.826164,1.781981,1.415213,2.223899,2.950830,-0.846112,1.118838,0.798410,-0.919076,1.401315,-1.282988,-0.578596,-0.520482,1.635587,-0.583754,1.225835,1.940635,2.277401,-0.645400,-1.270920,-0.473060,-0.862770,0.158769,2.826452,2.014046,0.388158,-0.647108,-0.823688,-0.614337,0.713498,0.500553,1.697242,-0.880030,1.917564,-1.254813,0.174297,0.066355,1.416533,-0.945975,-1.077739,0.466464,0.114139,2.016152,2.407458,1.047648,-3.017302,-2.739024,2.134983,0.900336,-1.370419,1.245392,2.714871,0.092809,-0.848875,-0.252659,-2.043033,-1.653447,-1.105360,-0.482933,-1.529079,-0.761477,0.791262,0.264503,2.268682,0.922578,0.390911,-1.474754,1.649228,-3.045981,0.481749,0.722912,-0.022624,-1.582440,3.155965,-0.717042,0.023888,2.458336,1.948080,1.345016,-1.841681,2.924463,-0.647146,0.215037,0.135389,0.620625,0.135983,-1.306873,0.948816,0.092684,-1.525122,-0.547015,-1.144874,-0.607794,-2.143203,-0.719886,0.403246,-0.448417,-2.041326,-0.167941,0.015194,-1.454537,-1.695174,0.819607,-1.483515,-2.613502,-1.174959,-0.059328,-0.071960,1.821865,2.886855,0.266285,-0.218730,0.636650,0.550128,0.887005,1.191817,0.153402,-0.284925,0.565888,-1.194625,-0.816341,0.435741,0.094634,1.981718,-2.193738,-0.779232,1.063272,-0.245087,1.701371,-0.304156,-1.261965,-0.693541,-0.490229,0.985887,0.270232,-1.363236,-2.007115,0.695045,-0.127349,-1.263404,1.054837,1.560479,-0.055490,0.988556,-0.609881,0.295959,2.787537,-0.143812,0.825219,-0.129652,-2.441181,0.642368,-2.564914,-0.540712,0.715951,-1.806450,0.468874,-0.923839,0.324464,-1.032181,1.745262,1.912038,-0.455667,-1.148710,-1.804255,-0.362187,-0.339756,-0.611333,0.488749,-3.555637,-0.899459,-0.095927,-1.732948,-0.167657,1.201209,-1.099193,0.158538,0.837700,-0.649987,-0.375878,0.314427,-0.101289,-0.138137,-0.748348,1.419224,0.272597,-0.414513,-1.256512,-1.228429,0.662635,-0.681100,-0.083218,-1.140434,0.344409,1.208746,0.716149,-1.203316,-1.299980,0.942112,0.202052,1.304882,-2.577735,0.705980,-1.424564,-0.330331,-1.718278,-0.674418,0.212899,2.175499,-0.775873,1.655479,0.093310,0.133228,2.518806,0.249013,0.893014,-0.749984,-0.790618,1.270728,1.497533,-0.821303,2.776856,0.322571,3.840169,-1.084695,0.796601,-0.736809,-0.975805,-3.024793,1.160887,0.094157,1.488136,-2.080821,2.106896,4.602213,1.597156,1.003588,1.186213,1.498102,-0.403700,0.281974,-0.818635,-0.859881,0.355395,0.404096,0.142238,-1.253576,-0.850411,0.104095,-0.729123,0.894341,1.885965,-0.678510,-1.713875,1.877169,0.803540,-0.015567,-1.941880,0.676357,0.454335,-0.703384,1.256494,-0.500403,0.867789,1.834797,-0.730998,0.760944,1.382952,1.571816,-2.480816,-1.770720,-0.163780,-1.042938,-1.393704,0.921721,-0.332658,1.097934,-0.492663,0.315219,-0.979993,1.150895,0.288017,-1.140432,2.454725,-1.168366,0.355269,0.765429,-0.527754,-2.582242,0.448451,1.184047,-1.256340,-1.563965,0.277001,0.991511,0.189384,-1.242076,0.576628,-0.548240,-0.597188,-0.851213,0.564469,0.119746,0.425402,-0.038554,0.793055,0.370182,0.006938,-0.286283,1.763673,-0.540451,-0.307169,0.057106,0.799207,0.195677,-0.055045,-0.003823,-0.487929,-0.285418,0.081784,-1.705264,0.020066,-1.351250,-0.503408,0.060793,-0.364225,0.397657,0.695248,-1.779382,-0.429494,-0.853737,0.402544,-0.089899,-0.214358,-0.718474,-1.116570,-0.101957,0.318069,0.750060,0.676275,-1.172702,0.174927,0.557629,-0.156806,-0.178557,-0.211897,-0.401729,-0.612702,-0.004444,-1.145735,-0.126007,0.912366,-0.013743,-0.051665,0.001681,-0.521659,0.192908,-0.468747,-0.501939,0.473120,0.261518,-0.168555,-0.603969,0.812369,-0.190213,0.187538,-0.359688,-0.768679,0.022098,-0.450528,0.258182,-0.959224,-0.850462,-0.534881,-0.616962,0.253305,-0.471942,0.040958,-0.589126,-0.061489,-0.948916,0.275366,-0.773818,-0.050540,1.493711,-0.695059,0.006192,0.384651,0.937145,-1.575632,-0.856288,0.781682,0.139992,0.695939,0.878230,0.795023,0.642619,-0.580484,0.454526,-0.405254,-0.207108,-1.051926,-0.156311,-0.070050,-0.499480,0.188162,-0.591731,-0.426076,0.323457,-0.582155,0.274651,-1.037906,0.290461,0.643237,-1.488303,0.214585,0.402247,-0.671331,0.037075,0.171598,0.457111,-0.812998,0.325225,0.271587,-0.153316,0.038204,-0.177575,-0.117373,-1.333067,1.230862,-1.436814,0.787688,-0.010671,0.518821,1.527847,0.049518,-0.184327,-0.843941,-0.783580,1.068059,0.020481,-0.519326,1.652808,0.506683,0.724184,-0.915870,-0.939535,0.468917,-0.489449,-0.834572,0.736679,-0.141815,-0.001301,-0.440579,0.090362,-0.079791,-0.979179,0.422441,0.172871,1.074152,0.243489,-0.094970,0.089921,0.455155,-0.859679,0.203142,1.324877,-0.942200,-0.909058,0.566952,0.710237,0.450587,-0.119580,-0.517788,0.493088,0.869967,-0.179555,-0.652217,0.408065,0.606149,-1.403403,-0.508000,0.601741,-1.320748,-0.015505,0.699368,-0.111810,-0.438972,-0.428082,-0.625916,-0.210963,0.628763,0.073076,-0.243484,0.119189,-0.637325,1.715313,0.753679,-0.817650,0.012420,-0.116728,0.223358,1.202431,-0.817623,0.724478,1.130506,0.555861,0.706309,-0.641931,0.273173,0.560666,0.158692,0.388532,0.492549,0.279366,0.222711,0.068021,-0.016917,0.549317,-0.665283,-0.886828,0.008447,-0.521968,-0.209303,-0.167972,-0.266448,0.182647,1.066839,0.430326,-0.007263,-1.077160,1.280706,-0.054723,0.860772,-0.525917,-0.152230,-0.318508,0.213267,-0.425768,0.881382,-1.472436,-0.421471,0.226024,-0.593464,-0.059059,0.700652,-0.275396,1.061550,0.505243,-0.637099,-0.331967,0.721392,0.275002,-0.063031,0.219404,-1.329978,0.370527,-0.005553,-0.619021,0.315802,-0.456358,-0.070333,-0.211367,0.206651,-0.177153,-0.365436,0.248311,-0.465987,-1.352112,0.119984,-1.525362,1.037905,-1.097238,0.073225,-0.021516,1.872777,0.310094,-0.159774,-0.375095,0.409858,-0.279580,0.863592,0.754012,0.172736,-0.237085,0.501471,-1.456242,-0.252786,0.183620,-0.543779,-0.506483,0.150361,0.875190,1.366711,0.598590,-0.142520,0.998440,-0.497128,-0.145767,0.463602,-0.144647,-0.943112,-0.893132,1.495313,-0.697953,-0.367775,-0.068936,0.053381,1.045954,-0.058003,0.946180,0.173352,-0.193715,-0.438778,0.818796,1.440820,-0.451801,0.600245,0.960566,-0.234875,-0.043590,-0.875602,0.992163,-0.537608,-0.917933,0.333310,-0.422516,1.229868,0.993818,0.361320,-0.230100,-0.027391,0.512710,-1.038799,-1.188725,0.340261,-0.807780,0.928340,1.440891,-0.917965,-0.222314,0.825212,0.136753,0.578818,-1.044742,0.452830,-0.265953,-0.858997,0.158914,0.404945,0.136711,-0.189063,0.656539,0.318769,-0.897106,-0.002906,0.637980,-1.245357,0.466677,-1.072807,0.350653,-0.571919,0.609135,-0.772779,0.686793,0.333539,1.498079,-0.743336,0.614254,-0.507442,0.943707,-0.137009,-1.177382,0.095546,1.168234,-0.364750,-0.238262,-0.336681,0.614798,1.242935,1.481905,0.040585,-1.202201,-0.049006,0.577785,0.052924,0.404215,-0.400314,-0.237146,-0.553234,0.267149,-0.809150,-0.810974,-0.997173,-0.245394,-0.592716,-0.362887,-0.673969,-0.827410,0.153265,-0.746981,0.232415,-1.266662,-1.035882,0.238757,-0.286869,-0.836500,1.540953,0.174920,-1.177531,0.448543,0.368260,0.073089,0.701685,0.716015,-0.337368,1.035152,-0.036414,-1.310808,-1.435914,0.729312,-0.426833,0.864598,0.695424,0.946893,0.813658,0.223956,0.353873,-1.292288,-0.064618,0.579963,-0.351202,-1.101783,-1.035178,-0.030446,-0.714674,-0.501258,0.236528,-0.874412,-0.628103,0.345964,0.551465,0.611440,-0.685857,-1.044656,0.399662,-0.830731,-0.583799,0.310000,-0.002379,-0.584926,0.000557,-0.726053,0.825055,-0.506055,-0.565502,-1.073265,-0.004629,0.904439,-0.623852,-1.466854,0.175081,0.446550,0.497778,0.262302,0.255757,0.534148,0.111246,-0.199672,-0.211501,0.620127,-0.058539,-0.515183,1.111889,-0.129453,1.275053,-1.244559,-0.169863,-0.949055,-0.769173,1.548611,0.860854,0.606398,-2.055847,-0.267636,1.352219,0.659690,0.446706,-0.458930,-0.075458,-0.576661,-1.110268,0.679711,0.419311,0.649970,-0.177769,0.860821,0.533365,-1.420975,0.150404,0.189434,-0.227973
2019-09-18 17:06:45 PM [Thread: main][ Class:cn.prism.face.Main >> Method: cn.prism.face.Main.main(Main.java:110) ]
INFO:---------------------------------------
2019-09-18 17:06:45 PM [Thread: main][ Class:cn.prism.face.Main >> Method: cn.prism.face.Main.main(Main.java:81) ]
INFO:等待数据........
2019-09-18 17:06:45 PM [Thread: main][ Class:cn.prism.face.Main >> Method: cn.prism.face.Main.main(Main.java:87) ]
INFO:接收数据---------------------------------
2019-09-18 17:06:45 PM [Thread: main][ Class:cn.prism.face.Main >> Method: cn.prism.face.Main.main(Main.java:88) ]
INFO:host:127.0.0.1
2019-09-18 17:06:45 PM [Thread: main][ Class:cn.prism.face.Main >> Method: cn.prism.face.Main.main(Main.java:89) ]
INFO:port:6663
2019-09-18 17:06:45 PM [Thread: main][ Class:cn.prism.face.Main >> Method: cn.prism.face.Main.main(Main.java:91) ]
INFO:data:readd#5d809326c79f361f4b528d2f
2019-09-18 17:06:45 PM [Thread: main][ Class:cn.prism.face.Main >> Method: cn.prism.face.Main.main(Main.java:92) ]
INFO:---------------------------------------
2019-09-18 17:06:45 PM [Thread: main][ Class:cn.prism.face.Main >> Method: cn.prism.face.Main.main(Main.java:97) ]
INFO:执行实例:class cn.prism.face.service.impl.ReaddCommand
2019-09-18 17:06:46 PM [Thread: main][ Class:cn.prism.face.Main >> Method: cn.prism.face.Main.main(Main.java:101) ]
INFO:本次操作耗时:941毫秒
2019-09-18 17:06:46 PM [Thread: main][ Class:cn.prism.face.Main >> Method: cn.prism.face.Main.main(Main.java:109) ]
INFO:sended:true
2019-09-18 17:06:46 PM [Thread: main][ Class:cn.prism.face.Main >> Method: cn.prism.face.Main.main(Main.java:110) ]
INFO:---------------------------------------
2019-09-18 17:06:46 PM [Thread: main][ Class:cn.prism.face.Main >> Method: cn.prism.face.Main.main(Main.java:81) ]
INFO:等待数据........
2019-09-18 18:31:15 PM [Thread: main][ Class:cn.prism.face.Main >> Method: cn.prism.face.Main.main(Main.java:87) ]
INFO:接收数据---------------------------------
2019-09-18 18:31:15 PM [Thread: main][ Class:cn.prism.face.Main >> Method: cn.prism.face.Main.main(Main.java:88) ]
INFO:host:127.0.0.1
2019-09-18 18:31:15 PM [Thread: main][ Class:cn.prism.face.Main >> Method: cn.prism.face.Main.main(Main.java:89) ]
INFO:port:6663
2019-09-18 18:31:15 PM [Thread: main][ Class:cn.prism.face.Main >> Method: cn.prism.face.Main.main(Main.java:91) ]
INFO:data:
2019-09-18 18:31:15 PM [Thread: main][ Class:cn.prism.face.Main >> Method: cn.prism.face.Main.main(Main.java:92) ]
INFO:---------------------------------------
2019-09-18 18:31:15 PM [Thread: main][ Class:cn.prism.face.Main >> Method: cn.prism.face.Main.main(Main.java:81) ]
INFO:等待数据........
2019-09-18 18:31:15 PM [Thread: main][ Class:cn.prism.face.Main >> Method: cn.prism.face.Main.main(Main.java:87) ]
INFO:接收数据---------------------------------
2019-09-18 18:31:15 PM [Thread: main][ Class:cn.prism.face.Main >> Method: cn.prism.face.Main.main(Main.java:88) ]
INFO:host:127.0.0.1
2019-09-18 18:31:15 PM [Thread: main][ Class:cn.prism.face.Main >> Method: cn.prism.face.Main.main(Main.java:89) ]
INFO:port:6663
2019-09-18 18:31:15 PM [Thread: main][ Class:cn.prism.face.Main >> Method: cn.prism.face.Main.main(Main.java:91) ]
INFO:data:exit
2019-09-18 18:31:15 PM [Thread: main][ Class:cn.prism.face.Main >> Method: cn.prism.face.Main.main(Main.java:92) ]
INFO:---------------------------------------
2019-09-18 18:31:15 PM [Thread: main][ Class:cn.prism.face.Main >> Method: cn.prism.face.Main.main(Main.java:97) ]
INFO:执行实例:class cn.prism.face.service.impl.ExitCommand
2019-09-18 18:31:15 PM [Thread: main][ Class:cn.prism.face.Main >> Method: cn.prism.face.Main.main(Main.java:101) ]
INFO:本次操作耗时:0毫秒
2019-09-18 18:31:15 PM [Thread: main][ Class:cn.prism.face.Main >> Method: cn.prism.face.Main.main(Main.java:109) ]
INFO:sended:ok
2019-09-18 18:31:15 PM [Thread: main][ Class:cn.prism.face.Main >> Method: cn.prism.face.Main.main(Main.java:110) ]
INFO:---------------------------------------
2019-09-18 18:31:15 PM [Thread: main][ Class:cn.prism.face.Main >> Method: cn.prism.face.Main.main(Main.java:116) ]
INFO:服务已停止!
2019-09-18 18:32:59 PM [Thread: main][ Class:cn.prism.face.Main >> Method: cn.prism.face.Main.main(Main.java:27) ]
INFO:算法库加载成功
2019-09-18 18:33:02 PM [Thread: main][ Class:cn.prism.face.Main >> Method: cn.prism.face.Main.main(Main.java:64) ]
INFO:---------------------------------------
2019-09-18 18:33:02 PM [Thread: main][ Class:cn.prism.face.Main >> Method: cn.prism.face.Main.main(Main.java:70) ]
INFO:host:127.0.1.1
2019-09-18 18:33:02 PM [Thread: main][ Class:cn.prism.face.Main >> Method: cn.prism.face.Main.main(Main.java:71) ]
INFO:port:9999
2019-09-18 18:33:02 PM [Thread: main][ Class:cn.prism.face.Main >> Method: cn.prism.face.Main.main(Main.java:73) ]
INFO:服务已启动....
2019-09-18 18:33:02 PM [Thread: main][ Class:cn.prism.face.Main >> Method: cn.prism.face.Main.main(Main.java:74) ]
INFO:---------------------------------------
2019-09-18 18:33:02 PM [Thread: main][ Class:cn.prism.face.Main >> Method: cn.prism.face.Main.main(Main.java:81) ]
INFO:等待数据........
2019-09-18 18:35:07 PM [Thread: main][ Class:cn.prism.face.Main >> Method: cn.prism.face.Main.main(Main.java:87) ]
INFO:接收数据---------------------------------
2019-09-18 18:35:07 PM [Thread: main][ Class:cn.prism.face.Main >> Method: cn.prism.face.Main.main(Main.java:88) ]
INFO:host:127.0.0.1
2019-09-18 18:35:07 PM [Thread: main][ Class:cn.prism.face.Main >> Method: cn.prism.face.Main.main(Main.java:89) ]
INFO:port:6663
2019-09-18 18:35:07 PM [Thread: main][ Class:cn.prism.face.Main >> Method: cn.prism.face.Main.main(Main.java:91) ]
INFO:data:
2019-09-18 18:35:07 PM [Thread: main][ Class:cn.prism.face.Main >> Method: cn.prism.face.Main.main(Main.java:92) ]
INFO:---------------------------------------
2019-09-18 18:35:07 PM [Thread: main][ Class:cn.prism.face.Main >> Method: cn.prism.face.Main.main(Main.java:81) ]
INFO:等待数据........
2019-09-18 18:35:07 PM [Thread: main][ Class:cn.prism.face.Main >> Method: cn.prism.face.Main.main(Main.java:87) ]
INFO:接收数据---------------------------------
2019-09-18 18:35:07 PM [Thread: main][ Class:cn.prism.face.Main >> Method: cn.prism.face.Main.main(Main.java:88) ]
INFO:host:127.0.0.1
2019-09-18 18:35:07 PM [Thread: main][ Class:cn.prism.face.Main >> Method: cn.prism.face.Main.main(Main.java:89) ]
INFO:port:6663
2019-09-18 18:35:07 PM [Thread: main][ Class:cn.prism.face.Main >> Method: cn.prism.face.Main.main(Main.java:91) ]
INFO:data:exit
2019-09-18 18:35:07 PM [Thread: main][ Class:cn.prism.face.Main >> Method: cn.prism.face.Main.main(Main.java:92) ]
INFO:---------------------------------------
2019-09-18 18:35:07 PM [Thread: main][ Class:cn.prism.face.Main >> Method: cn.prism.face.Main.main(Main.java:97) ]
INFO:执行实例:class cn.prism.face.service.impl.ExitCommand
2019-09-18 18:35:07 PM [Thread: main][ Class:cn.prism.face.Main >> Method: cn.prism.face.Main.main(Main.java:101) ]
INFO:本次操作耗时:0毫秒
2019-09-18 18:35:07 PM [Thread: main][ Class:cn.prism.face.Main >> Method: cn.prism.face.Main.main(Main.java:109) ]
INFO:sended:ok
2019-09-18 18:35:07 PM [Thread: main][ Class:cn.prism.face.Main >> Method: cn.prism.face.Main.main(Main.java:110) ]
INFO:---------------------------------------
2019-09-18 18:35:07 PM [Thread: main][ Class:cn.prism.face.Main >> Method: cn.prism.face.Main.main(Main.java:116) ]
INFO:服务已停止!
2019-09-18 18:37:06 PM [Thread: main][ Class:cn.prism.face.Main >> Method: cn.prism.face.Main.main(Main.java:27) ]
INFO:算法库加载成功
2019-09-18 18:37:08 PM [Thread: main][ Class:cn.prism.face.Main >> Method: cn.prism.face.Main.main(Main.java:64) ]
INFO:---------------------------------------
2019-09-18 18:37:08 PM [Thread: main][ Class:cn.prism.face.Main >> Method: cn.prism.face.Main.main(Main.java:70) ]
INFO:host:127.0.1.1
2019-09-18 18:37:08 PM [Thread: main][ Class:cn.prism.face.Main >> Method: cn.prism.face.Main.main(Main.java:71) ]
INFO:port:9999
2019-09-18 18:37:08 PM [Thread: main][ Class:cn.prism.face.Main >> Method: cn.prism.face.Main.main(Main.java:73) ]
INFO:服务已启动....
2019-09-18 18:37:08 PM [Thread: main][ Class:cn.prism.face.Main >> Method: cn.prism.face.Main.main(Main.java:74) ]
INFO:---------------------------------------
2019-09-18 18:37:08 PM [Thread: main][ Class:cn.prism.face.Main >> Method: cn.prism.face.Main.main(Main.java:81) ]
INFO:等待数据........
